ISim log file
Running: C:\Users\PC\Desktop\Year 3\2nd Term\Archi\last\RobotTest_isim_beh.exe -intstyle ise -gui -tclbatch isim.cmd -wdb C:/Users/PC/Desktop/Year 3/2nd Term/Archi/last/RobotTest_isim_beh.wdb 
ISim P.58f (signature 0x7708f090)
This is a Full version of ISim.
Time resolution is 1 ps
# onerror resume
# wave add /
# run 1000 ns
Simulator is doing circuit initialization process.
at 0 ps, Instance /robottest/uut/ALU32/alu0/add/ : Warning: There is an 'U'|'X'|'W'|'Z'|'-' in an arithmetic operand, the result will be 'X'(es).
at 0 ps, Instance /robottest/uut/DataMem/ : Warning: CONV_INTEGER: There is an 'U'|'X'|'W'|'Z'|'-' in an arithmetic operand, and it has been converted to 0.
Finished circuit initialization process.
at 1 ns(7), Instance /robottest/uut/DataMem/ : Warning: CONV_INTEGER: There is an 'U'|'X'|'W'|'Z'|'-' in an arithmetic operand, and it has been converted to 0.
at 1 ns(23), Instance /robottest/uut/DataMem/ : Warning: CONV_INTEGER: There is an 'U'|'X'|'W'|'Z'|'-' in an arithmetic operand, and it has been converted to 0.
at 1 ns(26), Instance /robottest/uut/DataMem/ : Warning: CONV_INTEGER: There is an 'U'|'X'|'W'|'Z'|'-' in an arithmetic operand, and it has been converted to 0.
at 1 ns(29), Instance /robottest/uut/DataMem/ : Warning: CONV_INTEGER: There is an 'U'|'X'|'W'|'Z'|'-' in an arithmetic operand, and it has been converted to 0.
at 1 ns(32), Instance /robottest/uut/DataMem/ : Warning: CONV_INTEGER: There is an 'U'|'X'|'W'|'Z'|'-' in an arithmetic operand, and it has been converted to 0.
at 1 ns(35), Instance /robottest/uut/DataMem/ : Warning: CONV_INTEGER: There is an 'U'|'X'|'W'|'Z'|'-' in an arithmetic operand, and it has been converted to 0.
at 1 ns(38), Instance /robottest/uut/DataMem/ : Warning: CONV_INTEGER: There is an 'U'|'X'|'W'|'Z'|'-' in an arithmetic operand, and it has been converted to 0.
at 1 ns(41), Instance /robottest/uut/DataMem/ : Warning: CONV_INTEGER: There is an 'U'|'X'|'W'|'Z'|'-' in an arithmetic operand, and it has been converted to 0.
at 1 ns(44), Instance /robottest/uut/DataMem/ : Warning: CONV_INTEGER: There is an 'U'|'X'|'W'|'Z'|'-' in an arithmetic operand, and it has been converted to 0.
at 1 ns(47), Instance /robottest/uut/DataMem/ : Warning: CONV_INTEGER: There is an 'U'|'X'|'W'|'Z'|'-' in an arithmetic operand, and it has been converted to 0.
at 1 ns(50), Instance /robottest/uut/DataMem/ : Warning: CONV_INTEGER: There is an 'U'|'X'|'W'|'Z'|'-' in an arithmetic operand, and it has been converted to 0.
at 1 ns(53), Instance /robottest/uut/DataMem/ : Warning: CONV_INTEGER: There is an 'U'|'X'|'W'|'Z'|'-' in an arithmetic operand, and it has been converted to 0.
at 1 ns(56), Instance /robottest/uut/DataMem/ : Warning: CONV_INTEGER: There is an 'U'|'X'|'W'|'Z'|'-' in an arithmetic operand, and it has been converted to 0.
at 1 ns(59), Instance /robottest/uut/DataMem/ : Warning: CONV_INTEGER: There is an 'U'|'X'|'W'|'Z'|'-' in an arithmetic operand, and it has been converted to 0.
at 1 ns(62), Instance /robottest/uut/DataMem/ : Warning: CONV_INTEGER: There is an 'U'|'X'|'W'|'Z'|'-' in an arithmetic operand, and it has been converted to 0.
at 1 ns(65), Instance /robottest/uut/DataMem/ : Warning: CONV_INTEGER: There is an 'U'|'X'|'W'|'Z'|'-' in an arithmetic operand, and it has been converted to 0.
at 1 ns(68), Instance /robottest/uut/DataMem/ : Warning: CONV_INTEGER: There is an 'U'|'X'|'W'|'Z'|'-' in an arithmetic operand, and it has been converted to 0.
at 1 ns(71), Instance /robottest/uut/DataMem/ : Warning: CONV_INTEGER: There is an 'U'|'X'|'W'|'Z'|'-' in an arithmetic operand, and it has been converted to 0.
at 1 ns(74), Instance /robottest/uut/DataMem/ : Warning: CONV_INTEGER: There is an 'U'|'X'|'W'|'Z'|'-' in an arithmetic operand, and it has been converted to 0.
at 1 ns(77), Instance /robottest/uut/DataMem/ : Warning: CONV_INTEGER: There is an 'U'|'X'|'W'|'Z'|'-' in an arithmetic operand, and it has been converted to 0.
at 1 ns(80), Instance /robottest/uut/DataMem/ : Warning: CONV_INTEGER: There is an 'U'|'X'|'W'|'Z'|'-' in an arithmetic operand, and it has been converted to 0.
at 1 ns(83), Instance /robottest/uut/DataMem/ : Warning: CONV_INTEGER: There is an 'U'|'X'|'W'|'Z'|'-' in an arithmetic operand, and it has been converted to 0.
at 1 ns(86), Instance /robottest/uut/DataMem/ : Warning: CONV_INTEGER: There is an 'U'|'X'|'W'|'Z'|'-' in an arithmetic operand, and it has been converted to 0.
at 1 ns(89), Instance /robottest/uut/DataMem/ : Warning: CONV_INTEGER: There is an 'U'|'X'|'W'|'Z'|'-' in an arithmetic operand, and it has been converted to 0.
at 1 ns(92), Instance /robottest/uut/DataMem/ : Warning: CONV_INTEGER: There is an 'U'|'X'|'W'|'Z'|'-' in an arithmetic operand, and it has been converted to 0.
at 1 ns(95), Instance /robottest/uut/DataMem/ : Warning: CONV_INTEGER: There is an 'U'|'X'|'W'|'Z'|'-' in an arithmetic operand, and it has been converted to 0.
at 1 ns(98), Instance /robottest/uut/DataMem/ : Warning: CONV_INTEGER: There is an 'U'|'X'|'W'|'Z'|'-' in an arithmetic operand, and it has been converted to 0.
at 1 ns(101), Instance /robottest/uut/DataMem/ : Warning: CONV_INTEGER: There is an 'U'|'X'|'W'|'Z'|'-' in an arithmetic operand, and it has been converted to 0.
at 1 ns(104), Instance /robottest/uut/DataMem/ : Warning: CONV_INTEGER: There is an 'U'|'X'|'W'|'Z'|'-' in an arithmetic operand, and it has been converted to 0.
at 1 ns(107), Instance /robottest/uut/DataMem/ : Warning: CONV_INTEGER: There is an 'U'|'X'|'W'|'Z'|'-' in an arithmetic operand, and it has been converted to 0.
at 2 ns: Note: Test1 (/robottest/).
at 3500 ps: Note: Test2 (/robottest/).
at 14500 ps: Note: Test3 (/robottest/).
at 95500 ps: Note: Test4 (/robottest/).
at 107500 ps: Note: Test5 (/robottest/).
at 184500 ps: Note: Test6 (/robottest/).
at 191500 ps: Note: Test7 (/robottest/).
at 191500 ps: Note: Test Complete (/robottest/).
at 210 ns(10), Instance /robottest/uut/DataMem/ : Warning: CONV_INTEGER: There is an 'U'|'X'|'W'|'Z'|'-' in an arithmetic operand, and it has been converted to 0.
at 210 ns(20), Instance /robottest/uut/DataMem/ : Warning: CONV_INTEGER: There is an 'U'|'X'|'W'|'Z'|'-' in an arithmetic operand, and it has been converted to 0.
at 210 ns(23), Instance /robottest/uut/DataMem/ : Warning: CONV_INTEGER: There is an 'U'|'X'|'W'|'Z'|'-' in an arithmetic operand, and it has been converted to 0.
at 210 ns(26), Instance /robottest/uut/DataMem/ : Warning: CONV_INTEGER: There is an 'U'|'X'|'W'|'Z'|'-' in an arithmetic operand, and it has been converted to 0.
at 210 ns(29), Instance /robottest/uut/DataMem/ : Warning: CONV_INTEGER: There is an 'U'|'X'|'W'|'Z'|'-' in an arithmetic operand, and it has been converted to 0.
at 210 ns(32), Instance /robottest/uut/DataMem/ : Warning: CONV_INTEGER: There is an 'U'|'X'|'W'|'Z'|'-' in an arithmetic operand, and it has been converted to 0.
at 210 ns(35), Instance /robottest/uut/DataMem/ : Warning: CONV_INTEGER: There is an 'U'|'X'|'W'|'Z'|'-' in an arithmetic operand, and it has been converted to 0.
at 210 ns(38), Instance /robottest/uut/DataMem/ : Warning: CONV_INTEGER: There is an 'U'|'X'|'W'|'Z'|'-' in an arithmetic operand, and it has been converted to 0.
at 210 ns(41), Instance /robottest/uut/DataMem/ : Warning: CONV_INTEGER: There is an 'U'|'X'|'W'|'Z'|'-' in an arithmetic operand, and it has been converted to 0.
at 210 ns(44), Instance /robottest/uut/DataMem/ : Warning: CONV_INTEGER: There is an 'U'|'X'|'W'|'Z'|'-' in an arithmetic operand, and it has been converted to 0.
at 210 ns(47), Instance /robottest/uut/DataMem/ : Warning: CONV_INTEGER: There is an 'U'|'X'|'W'|'Z'|'-' in an arithmetic operand, and it has been converted to 0.
at 210 ns(50), Instance /robottest/uut/DataMem/ : Warning: CONV_INTEGER: There is an 'U'|'X'|'W'|'Z'|'-' in an arithmetic operand, and it has been converted to 0.
at 210 ns(53), Instance /robottest/uut/DataMem/ : Warning: CONV_INTEGER: There is an 'U'|'X'|'W'|'Z'|'-' in an arithmetic operand, and it has been converted to 0.
at 210 ns(56), Instance /robottest/uut/DataMem/ : Warning: CONV_INTEGER: There is an 'U'|'X'|'W'|'Z'|'-' in an arithmetic operand, and it has been converted to 0.
at 210 ns(59), Instance /robottest/uut/DataMem/ : Warning: CONV_INTEGER: There is an 'U'|'X'|'W'|'Z'|'-' in an arithmetic operand, and it has been converted to 0.
at 210 ns(62), Instance /robottest/uut/DataMem/ : Warning: CONV_INTEGER: There is an 'U'|'X'|'W'|'Z'|'-' in an arithmetic operand, and it has been converted to 0.
at 210 ns(65), Instance /robottest/uut/DataMem/ : Warning: CONV_INTEGER: There is an 'U'|'X'|'W'|'Z'|'-' in an arithmetic operand, and it has been converted to 0.
at 210 ns(68), Instance /robottest/uut/DataMem/ : Warning: CONV_INTEGER: There is an 'U'|'X'|'W'|'Z'|'-' in an arithmetic operand, and it has been converted to 0.
at 210 ns(71), Instance /robottest/uut/DataMem/ : Warning: CONV_INTEGER: There is an 'U'|'X'|'W'|'Z'|'-' in an arithmetic operand, and it has been converted to 0.
at 210 ns(74), Instance /robottest/uut/DataMem/ : Warning: CONV_INTEGER: There is an 'U'|'X'|'W'|'Z'|'-' in an arithmetic operand, and it has been converted to 0.
at 210 ns(77), Instance /robottest/uut/DataMem/ : Warning: CONV_INTEGER: There is an 'U'|'X'|'W'|'Z'|'-' in an arithmetic operand, and it has been converted to 0.
at 210 ns(80), Instance /robottest/uut/DataMem/ : Warning: CONV_INTEGER: There is an 'U'|'X'|'W'|'Z'|'-' in an arithmetic operand, and it has been converted to 0.
at 210 ns(83), Instance /robottest/uut/DataMem/ : Warning: CONV_INTEGER: There is an 'U'|'X'|'W'|'Z'|'-' in an arithmetic operand, and it has been converted to 0.
at 210 ns(86), Instance /robottest/uut/DataMem/ : Warning: CONV_INTEGER: There is an 'U'|'X'|'W'|'Z'|'-' in an arithmetic operand, and it has been converted to 0.
at 210 ns(89), Instance /robottest/uut/DataMem/ : Warning: CONV_INTEGER: There is an 'U'|'X'|'W'|'Z'|'-' in an arithmetic operand, and it has been converted to 0.
at 210 ns(92), Instance /robottest/uut/DataMem/ : Warning: CONV_INTEGER: There is an 'U'|'X'|'W'|'Z'|'-' in an arithmetic operand, and it has been converted to 0.
at 210 ns(95), Instance /robottest/uut/DataMem/ : Warning: CONV_INTEGER: There is an 'U'|'X'|'W'|'Z'|'-' in an arithmetic operand, and it has been converted to 0.
at 210 ns(98), Instance /robottest/uut/DataMem/ : Warning: CONV_INTEGER: There is an 'U'|'X'|'W'|'Z'|'-' in an arithmetic operand, and it has been converted to 0.
at 210 ns(101), Instance /robottest/uut/DataMem/ : Warning: CONV_INTEGER: There is an 'U'|'X'|'W'|'Z'|'-' in an arithmetic operand, and it has been converted to 0.
at 210 ns(104), Instance /robottest/uut/DataMem/ : Warning: CONV_INTEGER: There is an 'U'|'X'|'W'|'Z'|'-' in an arithmetic operand, and it has been converted to 0.
at 224 ns(10), Instance /robottest/uut/DataMem/ : Warning: CONV_INTEGER: There is an 'U'|'X'|'W'|'Z'|'-' in an arithmetic operand, and it has been converted to 0.
at 224 ns(20), Instance /robottest/uut/DataMem/ : Warning: CONV_INTEGER: There is an 'U'|'X'|'W'|'Z'|'-' in an arithmetic operand, and it has been converted to 0.
at 224 ns(23), Instance /robottest/uut/DataMem/ : Warning: CONV_INTEGER: There is an 'U'|'X'|'W'|'Z'|'-' in an arithmetic operand, and it has been converted to 0.
at 224 ns(26), Instance /robottest/uut/DataMem/ : Warning: CONV_INTEGER: There is an 'U'|'X'|'W'|'Z'|'-' in an arithmetic operand, and it has been converted to 0.
at 224 ns(29), Instance /robottest/uut/DataMem/ : Warning: CONV_INTEGER: There is an 'U'|'X'|'W'|'Z'|'-' in an arithmetic operand, and it has been converted to 0.
at 224 ns(32), Instance /robottest/uut/DataMem/ : Warning: CONV_INTEGER: There is an 'U'|'X'|'W'|'Z'|'-' in an arithmetic operand, and it has been converted to 0.
at 224 ns(35), Instance /robottest/uut/DataMem/ : Warning: CONV_INTEGER: There is an 'U'|'X'|'W'|'Z'|'-' in an arithmetic operand, and it has been converted to 0.
at 224 ns(38), Instance /robottest/uut/DataMem/ : Warning: CONV_INTEGER: There is an 'U'|'X'|'W'|'Z'|'-' in an arithmetic operand, and it has been converted to 0.
at 224 ns(41), Instance /robottest/uut/DataMem/ : Warning: CONV_INTEGER: There is an 'U'|'X'|'W'|'Z'|'-' in an arithmetic operand, and it has been converted to 0.
at 224 ns(44), Instance /robottest/uut/DataMem/ : Warning: CONV_INTEGER: There is an 'U'|'X'|'W'|'Z'|'-' in an arithmetic operand, and it has been converted to 0.
at 224 ns(47), Instance /robottest/uut/DataMem/ : Warning: CONV_INTEGER: There is an 'U'|'X'|'W'|'Z'|'-' in an arithmetic operand, and it has been converted to 0.
at 224 ns(50), Instance /robottest/uut/DataMem/ : Warning: CONV_INTEGER: There is an 'U'|'X'|'W'|'Z'|'-' in an arithmetic operand, and it has been converted to 0.
at 224 ns(53), Instance /robottest/uut/DataMem/ : Warning: CONV_INTEGER: There is an 'U'|'X'|'W'|'Z'|'-' in an arithmetic operand, and it has been converted to 0.
at 224 ns(56), Instance /robottest/uut/DataMem/ : Warning: CONV_INTEGER: There is an 'U'|'X'|'W'|'Z'|'-' in an arithmetic operand, and it has been converted to 0.
at 224 ns(59), Instance /robottest/uut/DataMem/ : Warning: CONV_INTEGER: There is an 'U'|'X'|'W'|'Z'|'-' in an arithmetic operand, and it has been converted to 0.
at 224 ns(62), Instance /robottest/uut/DataMem/ : Warning: CONV_INTEGER: There is an 'U'|'X'|'W'|'Z'|'-' in an arithmetic operand, and it has been converted to 0.
at 224 ns(65), Instance /robottest/uut/DataMem/ : Warning: CONV_INTEGER: There is an 'U'|'X'|'W'|'Z'|'-' in an arithmetic operand, and it has been converted to 0.
at 224 ns(68), Instance /robottest/uut/DataMem/ : Warning: CONV_INTEGER: There is an 'U'|'X'|'W'|'Z'|'-' in an arithmetic operand, and it has been converted to 0.
at 224 ns(71), Instance /robottest/uut/DataMem/ : Warning: CONV_INTEGER: There is an 'U'|'X'|'W'|'Z'|'-' in an arithmetic operand, and it has been converted to 0.
at 224 ns(74), Instance /robottest/uut/DataMem/ : Warning: CONV_INTEGER: There is an 'U'|'X'|'W'|'Z'|'-' in an arithmetic operand, and it has been converted to 0.
at 224 ns(77), Instance /robottest/uut/DataMem/ : Warning: CONV_INTEGER: There is an 'U'|'X'|'W'|'Z'|'-' in an arithmetic operand, and it has been converted to 0.
at 224 ns(80), Instance /robottest/uut/DataMem/ : Warning: CONV_INTEGER: There is an 'U'|'X'|'W'|'Z'|'-' in an arithmetic operand, and it has been converted to 0.
at 224 ns(83), Instance /robottest/uut/DataMem/ : Warning: CONV_INTEGER: There is an 'U'|'X'|'W'|'Z'|'-' in an arithmetic operand, and it has been converted to 0.
at 224 ns(86), Instance /robottest/uut/DataMem/ : Warning: CONV_INTEGER: There is an 'U'|'X'|'W'|'Z'|'-' in an arithmetic operand, and it has been converted to 0.
at 224 ns(89), Instance /robottest/uut/DataMem/ : Warning: CONV_INTEGER: There is an 'U'|'X'|'W'|'Z'|'-' in an arithmetic operand, and it has been converted to 0.
at 224 ns(92), Instance /robottest/uut/DataMem/ : Warning: CONV_INTEGER: There is an 'U'|'X'|'W'|'Z'|'-' in an arithmetic operand, and it has been converted to 0.
at 224 ns(95), Instance /robottest/uut/DataMem/ : Warning: CONV_INTEGER: There is an 'U'|'X'|'W'|'Z'|'-' in an arithmetic operand, and it has been converted to 0.
at 224 ns(98), Instance /robottest/uut/DataMem/ : Warning: CONV_INTEGER: There is an 'U'|'X'|'W'|'Z'|'-' in an arithmetic operand, and it has been converted to 0.
at 224 ns(101), Instance /robottest/uut/DataMem/ : Warning: CONV_INTEGER: There is an 'U'|'X'|'W'|'Z'|'-' in an arithmetic operand, and it has been converted to 0.
at 224 ns(104), Instance /robottest/uut/DataMem/ : Warning: CONV_INTEGER: There is an 'U'|'X'|'W'|'Z'|'-' in an arithmetic operand, and it has been converted to 0.
at 238 ns(10), Instance /robottest/uut/DataMem/ : Warning: CONV_INTEGER: There is an 'U'|'X'|'W'|'Z'|'-' in an arithmetic operand, and it has been converted to 0.
at 238 ns(20), Instance /robottest/uut/DataMem/ : Warning: CONV_INTEGER: There is an 'U'|'X'|'W'|'Z'|'-' in an arithmetic operand, and it has been converted to 0.
at 238 ns(23), Instance /robottest/uut/DataMem/ : Warning: CONV_INTEGER: There is an 'U'|'X'|'W'|'Z'|'-' in an arithmetic operand, and it has been converted to 0.
at 238 ns(26), Instance /robottest/uut/DataMem/ : Warning: CONV_INTEGER: There is an 'U'|'X'|'W'|'Z'|'-' in an arithmetic operand, and it has been converted to 0.
at 238 ns(29), Instance /robottest/uut/DataMem/ : Warning: CONV_INTEGER: There is an 'U'|'X'|'W'|'Z'|'-' in an arithmetic operand, and it has been converted to 0.
at 238 ns(32), Instance /robottest/uut/DataMem/ : Warning: CONV_INTEGER: There is an 'U'|'X'|'W'|'Z'|'-' in an arithmetic operand, and it has been converted to 0.
at 238 ns(35), Instance /robottest/uut/DataMem/ : Warning: CONV_INTEGER: There is an 'U'|'X'|'W'|'Z'|'-' in an arithmetic operand, and it has been converted to 0.
at 238 ns(38), Instance /robottest/uut/DataMem/ : Warning: CONV_INTEGER: There is an 'U'|'X'|'W'|'Z'|'-' in an arithmetic operand, and it has been converted to 0.
at 238 ns(41), Instance /robottest/uut/DataMem/ : Warning: CONV_INTEGER: There is an 'U'|'X'|'W'|'Z'|'-' in an arithmetic operand, and it has been converted to 0.
at 238 ns(44), Instance /robottest/uut/DataMem/ : Warning: CONV_INTEGER: There is an 'U'|'X'|'W'|'Z'|'-' in an arithmetic operand, and it has been converted to 0.
at 238 ns(47), Instance /robottest/uut/DataMem/ : Warning: CONV_INTEGER: There is an 'U'|'X'|'W'|'Z'|'-' in an arithmetic operand, and it has been converted to 0.
at 238 ns(50), Instance /robottest/uut/DataMem/ : Warning: CONV_INTEGER: There is an 'U'|'X'|'W'|'Z'|'-' in an arithmetic operand, and it has been converted to 0.
at 238 ns(53), Instance /robottest/uut/DataMem/ : Warning: CONV_INTEGER: There is an 'U'|'X'|'W'|'Z'|'-' in an arithmetic operand, and it has been converted to 0.
at 238 ns(56), Instance /robottest/uut/DataMem/ : Warning: CONV_INTEGER: There is an 'U'|'X'|'W'|'Z'|'-' in an arithmetic operand, and it has been converted to 0.
at 238 ns(59), Instance /robottest/uut/DataMem/ : Warning: CONV_INTEGER: There is an 'U'|'X'|'W'|'Z'|'-' in an arithmetic operand, and it has been converted to 0.
at 238 ns(62), Instance /robottest/uut/DataMem/ : Warning: CONV_INTEGER: There is an 'U'|'X'|'W'|'Z'|'-' in an arithmetic operand, and it has been converted to 0.
at 238 ns(65), Instance /robottest/uut/DataMem/ : Warning: CONV_INTEGER: There is an 'U'|'X'|'W'|'Z'|'-' in an arithmetic operand, and it has been converted to 0.
at 238 ns(68), Instance /robottest/uut/DataMem/ : Warning: CONV_INTEGER: There is an 'U'|'X'|'W'|'Z'|'-' in an arithmetic operand, and it has been converted to 0.
at 238 ns(71), Instance /robottest/uut/DataMem/ : Warning: CONV_INTEGER: There is an 'U'|'X'|'W'|'Z'|'-' in an arithmetic operand, and it has been converted to 0.
at 238 ns(74), Instance /robottest/uut/DataMem/ : Warning: CONV_INTEGER: There is an 'U'|'X'|'W'|'Z'|'-' in an arithmetic operand, and it has been converted to 0.
at 238 ns(77), Instance /robottest/uut/DataMem/ : Warning: CONV_INTEGER: There is an 'U'|'X'|'W'|'Z'|'-' in an arithmetic operand, and it has been converted to 0.
at 238 ns(80), Instance /robottest/uut/DataMem/ : Warning: CONV_INTEGER: There is an 'U'|'X'|'W'|'Z'|'-' in an arithmetic operand, and it has been converted to 0.
at 238 ns(83), Instance /robottest/uut/DataMem/ : Warning: CONV_INTEGER: There is an 'U'|'X'|'W'|'Z'|'-' in an arithmetic operand, and it has been converted to 0.
at 238 ns(86), Instance /robottest/uut/DataMem/ : Warning: CONV_INTEGER: There is an 'U'|'X'|'W'|'Z'|'-' in an arithmetic operand, and it has been converted to 0.
at 238 ns(89), Instance /robottest/uut/DataMem/ : Warning: CONV_INTEGER: There is an 'U'|'X'|'W'|'Z'|'-' in an arithmetic operand, and it has been converted to 0.
at 238 ns(92), Instance /robottest/uut/DataMem/ : Warning: CONV_INTEGER: There is an 'U'|'X'|'W'|'Z'|'-' in an arithmetic operand, and it has been converted to 0.
at 238 ns(95), Instance /robottest/uut/DataMem/ : Warning: CONV_INTEGER: There is an 'U'|'X'|'W'|'Z'|'-' in an arithmetic operand, and it has been converted to 0.
at 238 ns(98), Instance /robottest/uut/DataMem/ : Warning: CONV_INTEGER: There is an 'U'|'X'|'W'|'Z'|'-' in an arithmetic operand, and it has been converted to 0.
at 238 ns(101), Instance /robottest/uut/DataMem/ : Warning: CONV_INTEGER: There is an 'U'|'X'|'W'|'Z'|'-' in an arithmetic operand, and it has been converted to 0.
at 238 ns(104), Instance /robottest/uut/DataMem/ : Warning: CONV_INTEGER: There is an 'U'|'X'|'W'|'Z'|'-' in an arithmetic operand, and it has been converted to 0.
at 252 ns(10), Instance /robottest/uut/DataMem/ : Warning: CONV_INTEGER: There is an 'U'|'X'|'W'|'Z'|'-' in an arithmetic operand, and it has been converted to 0.
at 252 ns(20), Instance /robottest/uut/DataMem/ : Warning: CONV_INTEGER: There is an 'U'|'X'|'W'|'Z'|'-' in an arithmetic operand, and it has been converted to 0.
at 252 ns(23), Instance /robottest/uut/DataMem/ : Warning: CONV_INTEGER: There is an 'U'|'X'|'W'|'Z'|'-' in an arithmetic operand, and it has been converted to 0.
at 252 ns(26), Instance /robottest/uut/DataMem/ : Warning: CONV_INTEGER: There is an 'U'|'X'|'W'|'Z'|'-' in an arithmetic operand, and it has been converted to 0.
at 252 ns(29), Instance /robottest/uut/DataMem/ : Warning: CONV_INTEGER: There is an 'U'|'X'|'W'|'Z'|'-' in an arithmetic operand, and it has been converted to 0.
at 252 ns(32), Instance /robottest/uut/DataMem/ : Warning: CONV_INTEGER: There is an 'U'|'X'|'W'|'Z'|'-' in an arithmetic operand, and it has been converted to 0.
at 252 ns(35), Instance /robottest/uut/DataMem/ : Warning: CONV_INTEGER: There is an 'U'|'X'|'W'|'Z'|'-' in an arithmetic operand, and it has been converted to 0.
at 252 ns(38), Instance /robottest/uut/DataMem/ : Warning: CONV_INTEGER: There is an 'U'|'X'|'W'|'Z'|'-' in an arithmetic operand, and it has been converted to 0.
at 252 ns(41), Instance /robottest/uut/DataMem/ : Warning: CONV_INTEGER: There is an 'U'|'X'|'W'|'Z'|'-' in an arithmetic operand, and it has been converted to 0.
at 252 ns(44), Instance /robottest/uut/DataMem/ : Warning: CONV_INTEGER: There is an 'U'|'X'|'W'|'Z'|'-' in an arithmetic operand, and it has been converted to 0.
at 252 ns(47), Instance /robottest/uut/DataMem/ : Warning: CONV_INTEGER: There is an 'U'|'X'|'W'|'Z'|'-' in an arithmetic operand, and it has been converted to 0.
at 252 ns(50), Instance /robottest/uut/DataMem/ : Warning: CONV_INTEGER: There is an 'U'|'X'|'W'|'Z'|'-' in an arithmetic operand, and it has been converted to 0.
at 252 ns(53), Instance /robottest/uut/DataMem/ : Warning: CONV_INTEGER: There is an 'U'|'X'|'W'|'Z'|'-' in an arithmetic operand, and it has been converted to 0.
at 252 ns(56), Instance /robottest/uut/DataMem/ : Warning: CONV_INTEGER: There is an 'U'|'X'|'W'|'Z'|'-' in an arithmetic operand, and it has been converted to 0.
at 252 ns(59), Instance /robottest/uut/DataMem/ : Warning: CONV_INTEGER: There is an 'U'|'X'|'W'|'Z'|'-' in an arithmetic operand, and it has been converted to 0.
at 252 ns(62), Instance /robottest/uut/DataMem/ : Warning: CONV_INTEGER: There is an 'U'|'X'|'W'|'Z'|'-' in an arithmetic operand, and it has been converted to 0.
at 252 ns(65), Instance /robottest/uut/DataMem/ : Warning: CONV_INTEGER: There is an 'U'|'X'|'W'|'Z'|'-' in an arithmetic operand, and it has been converted to 0.
at 252 ns(68), Instance /robottest/uut/DataMem/ : Warning: CONV_INTEGER: There is an 'U'|'X'|'W'|'Z'|'-' in an arithmetic operand, and it has been converted to 0.
at 252 ns(71), Instance /robottest/uut/DataMem/ : Warning: CONV_INTEGER: There is an 'U'|'X'|'W'|'Z'|'-' in an arithmetic operand, and it has been converted to 0.
at 252 ns(74), Instance /robottest/uut/DataMem/ : Warning: CONV_INTEGER: There is an 'U'|'X'|'W'|'Z'|'-' in an arithmetic operand, and it has been converted to 0.
at 252 ns(77), Instance /robottest/uut/DataMem/ : Warning: CONV_INTEGER: There is an 'U'|'X'|'W'|'Z'|'-' in an arithmetic operand, and it has been converted to 0.
at 252 ns(80), Instance /robottest/uut/DataMem/ : Warning: CONV_INTEGER: There is an 'U'|'X'|'W'|'Z'|'-' in an arithmetic operand, and it has been converted to 0.
at 252 ns(83), Instance /robottest/uut/DataMem/ : Warning: CONV_INTEGER: There is an 'U'|'X'|'W'|'Z'|'-' in an arithmetic operand, and it has been converted to 0.
at 252 ns(86), Instance /robottest/uut/DataMem/ : Warning: CONV_INTEGER: There is an 'U'|'X'|'W'|'Z'|'-' in an arithmetic operand, and it has been converted to 0.
at 252 ns(89), Instance /robottest/uut/DataMem/ : Warning: CONV_INTEGER: There is an 'U'|'X'|'W'|'Z'|'-' in an arithmetic operand, and it has been converted to 0.
at 252 ns(92), Instance /robottest/uut/DataMem/ : Warning: CONV_INTEGER: There is an 'U'|'X'|'W'|'Z'|'-' in an arithmetic operand, and it has been converted to 0.
at 252 ns(95), Instance /robottest/uut/DataMem/ : Warning: CONV_INTEGER: There is an 'U'|'X'|'W'|'Z'|'-' in an arithmetic operand, and it has been converted to 0.
at 252 ns(98), Instance /robottest/uut/DataMem/ : Warning: CONV_INTEGER: There is an 'U'|'X'|'W'|'Z'|'-' in an arithmetic operand, and it has been converted to 0.
at 252 ns(101), Instance /robottest/uut/DataMem/ : Warning: CONV_INTEGER: There is an 'U'|'X'|'W'|'Z'|'-' in an arithmetic operand, and it has been converted to 0.
at 252 ns(104), Instance /robottest/uut/DataMem/ : Warning: CONV_INTEGER: There is an 'U'|'X'|'W'|'Z'|'-' in an arithmetic operand, and it has been converted to 0.
at 266 ns(10), Instance /robottest/uut/DataMem/ : Warning: CONV_INTEGER: There is an 'U'|'X'|'W'|'Z'|'-' in an arithmetic operand, and it has been converted to 0.
at 266 ns(20), Instance /robottest/uut/DataMem/ : Warning: CONV_INTEGER: There is an 'U'|'X'|'W'|'Z'|'-' in an arithmetic operand, and it has been converted to 0.
at 266 ns(23), Instance /robottest/uut/DataMem/ : Warning: CONV_INTEGER: There is an 'U'|'X'|'W'|'Z'|'-' in an arithmetic operand, and it has been converted to 0.
at 266 ns(26), Instance /robottest/uut/DataMem/ : Warning: CONV_INTEGER: There is an 'U'|'X'|'W'|'Z'|'-' in an arithmetic operand, and it has been converted to 0.
at 266 ns(29), Instance /robottest/uut/DataMem/ : Warning: CONV_INTEGER: There is an 'U'|'X'|'W'|'Z'|'-' in an arithmetic operand, and it has been converted to 0.
at 266 ns(32), Instance /robottest/uut/DataMem/ : Warning: CONV_INTEGER: There is an 'U'|'X'|'W'|'Z'|'-' in an arithmetic operand, and it has been converted to 0.
at 266 ns(35), Instance /robottest/uut/DataMem/ : Warning: CONV_INTEGER: There is an 'U'|'X'|'W'|'Z'|'-' in an arithmetic operand, and it has been converted to 0.
at 266 ns(38), Instance /robottest/uut/DataMem/ : Warning: CONV_INTEGER: There is an 'U'|'X'|'W'|'Z'|'-' in an arithmetic operand, and it has been converted to 0.
at 266 ns(41), Instance /robottest/uut/DataMem/ : Warning: CONV_INTEGER: There is an 'U'|'X'|'W'|'Z'|'-' in an arithmetic operand, and it has been converted to 0.
at 266 ns(44), Instance /robottest/uut/DataMem/ : Warning: CONV_INTEGER: There is an 'U'|'X'|'W'|'Z'|'-' in an arithmetic operand, and it has been converted to 0.
at 266 ns(47), Instance /robottest/uut/DataMem/ : Warning: CONV_INTEGER: There is an 'U'|'X'|'W'|'Z'|'-' in an arithmetic operand, and it has been converted to 0.
at 266 ns(50), Instance /robottest/uut/DataMem/ : Warning: CONV_INTEGER: There is an 'U'|'X'|'W'|'Z'|'-' in an arithmetic operand, and it has been converted to 0.
at 266 ns(53), Instance /robottest/uut/DataMem/ : Warning: CONV_INTEGER: There is an 'U'|'X'|'W'|'Z'|'-' in an arithmetic operand, and it has been converted to 0.
at 266 ns(56), Instance /robottest/uut/DataMem/ : Warning: CONV_INTEGER: There is an 'U'|'X'|'W'|'Z'|'-' in an arithmetic operand, and it has been converted to 0.
at 266 ns(59), Instance /robottest/uut/DataMem/ : Warning: CONV_INTEGER: There is an 'U'|'X'|'W'|'Z'|'-' in an arithmetic operand, and it has been converted to 0.
at 266 ns(62), Instance /robottest/uut/DataMem/ : Warning: CONV_INTEGER: There is an 'U'|'X'|'W'|'Z'|'-' in an arithmetic operand, and it has been converted to 0.
at 266 ns(65), Instance /robottest/uut/DataMem/ : Warning: CONV_INTEGER: There is an 'U'|'X'|'W'|'Z'|'-' in an arithmetic operand, and it has been converted to 0.
at 266 ns(68), Instance /robottest/uut/DataMem/ : Warning: CONV_INTEGER: There is an 'U'|'X'|'W'|'Z'|'-' in an arithmetic operand, and it has been converted to 0.
at 266 ns(71), Instance /robottest/uut/DataMem/ : Warning: CONV_INTEGER: There is an 'U'|'X'|'W'|'Z'|'-' in an arithmetic operand, and it has been converted to 0.
at 266 ns(74), Instance /robottest/uut/DataMem/ : Warning: CONV_INTEGER: There is an 'U'|'X'|'W'|'Z'|'-' in an arithmetic operand, and it has been converted to 0.
at 266 ns(77), Instance /robottest/uut/DataMem/ : Warning: CONV_INTEGER: There is an 'U'|'X'|'W'|'Z'|'-' in an arithmetic operand, and it has been converted to 0.
at 266 ns(80), Instance /robottest/uut/DataMem/ : Warning: CONV_INTEGER: There is an 'U'|'X'|'W'|'Z'|'-' in an arithmetic operand, and it has been converted to 0.
at 266 ns(83), Instance /robottest/uut/DataMem/ : Warning: CONV_INTEGER: There is an 'U'|'X'|'W'|'Z'|'-' in an arithmetic operand, and it has been converted to 0.
at 266 ns(86), Instance /robottest/uut/DataMem/ : Warning: CONV_INTEGER: There is an 'U'|'X'|'W'|'Z'|'-' in an arithmetic operand, and it has been converted to 0.
at 266 ns(89), Instance /robottest/uut/DataMem/ : Warning: CONV_INTEGER: There is an 'U'|'X'|'W'|'Z'|'-' in an arithmetic operand, and it has been converted to 0.
at 266 ns(92), Instance /robottest/uut/DataMem/ : Warning: CONV_INTEGER: There is an 'U'|'X'|'W'|'Z'|'-' in an arithmetic operand, and it has been converted to 0.
at 266 ns(95), Instance /robottest/uut/DataMem/ : Warning: CONV_INTEGER: There is an 'U'|'X'|'W'|'Z'|'-' in an arithmetic operand, and it has been converted to 0.
at 266 ns(98), Instance /robottest/uut/DataMem/ : Warning: CONV_INTEGER: There is an 'U'|'X'|'W'|'Z'|'-' in an arithmetic operand, and it has been converted to 0.
at 266 ns(101), Instance /robottest/uut/DataMem/ : Warning: CONV_INTEGER: There is an 'U'|'X'|'W'|'Z'|'-' in an arithmetic operand, and it has been converted to 0.
at 266 ns(104), Instance /robottest/uut/DataMem/ : Warning: CONV_INTEGER: There is an 'U'|'X'|'W'|'Z'|'-' in an arithmetic operand, and it has been converted to 0.
at 280 ns(10), Instance /robottest/uut/DataMem/ : Warning: CONV_INTEGER: There is an 'U'|'X'|'W'|'Z'|'-' in an arithmetic operand, and it has been converted to 0.
at 280 ns(20), Instance /robottest/uut/DataMem/ : Warning: CONV_INTEGER: There is an 'U'|'X'|'W'|'Z'|'-' in an arithmetic operand, and it has been converted to 0.
at 280 ns(23), Instance /robottest/uut/DataMem/ : Warning: CONV_INTEGER: There is an 'U'|'X'|'W'|'Z'|'-' in an arithmetic operand, and it has been converted to 0.
at 280 ns(26), Instance /robottest/uut/DataMem/ : Warning: CONV_INTEGER: There is an 'U'|'X'|'W'|'Z'|'-' in an arithmetic operand, and it has been converted to 0.
at 280 ns(29), Instance /robottest/uut/DataMem/ : Warning: CONV_INTEGER: There is an 'U'|'X'|'W'|'Z'|'-' in an arithmetic operand, and it has been converted to 0.
at 280 ns(32), Instance /robottest/uut/DataMem/ : Warning: CONV_INTEGER: There is an 'U'|'X'|'W'|'Z'|'-' in an arithmetic operand, and it has been converted to 0.
at 280 ns(35), Instance /robottest/uut/DataMem/ : Warning: CONV_INTEGER: There is an 'U'|'X'|'W'|'Z'|'-' in an arithmetic operand, and it has been converted to 0.
at 280 ns(38), Instance /robottest/uut/DataMem/ : Warning: CONV_INTEGER: There is an 'U'|'X'|'W'|'Z'|'-' in an arithmetic operand, and it has been converted to 0.
at 280 ns(41), Instance /robottest/uut/DataMem/ : Warning: CONV_INTEGER: There is an 'U'|'X'|'W'|'Z'|'-' in an arithmetic operand, and it has been converted to 0.
at 280 ns(44), Instance /robottest/uut/DataMem/ : Warning: CONV_INTEGER: There is an 'U'|'X'|'W'|'Z'|'-' in an arithmetic operand, and it has been converted to 0.
at 280 ns(47), Instance /robottest/uut/DataMem/ : Warning: CONV_INTEGER: There is an 'U'|'X'|'W'|'Z'|'-' in an arithmetic operand, and it has been converted to 0.
at 280 ns(50), Instance /robottest/uut/DataMem/ : Warning: CONV_INTEGER: There is an 'U'|'X'|'W'|'Z'|'-' in an arithmetic operand, and it has been converted to 0.
at 280 ns(53), Instance /robottest/uut/DataMem/ : Warning: CONV_INTEGER: There is an 'U'|'X'|'W'|'Z'|'-' in an arithmetic operand, and it has been converted to 0.
at 280 ns(56), Instance /robottest/uut/DataMem/ : Warning: CONV_INTEGER: There is an 'U'|'X'|'W'|'Z'|'-' in an arithmetic operand, and it has been converted to 0.
at 280 ns(59), Instance /robottest/uut/DataMem/ : Warning: CONV_INTEGER: There is an 'U'|'X'|'W'|'Z'|'-' in an arithmetic operand, and it has been converted to 0.
at 280 ns(62), Instance /robottest/uut/DataMem/ : Warning: CONV_INTEGER: There is an 'U'|'X'|'W'|'Z'|'-' in an arithmetic operand, and it has been converted to 0.
at 280 ns(65), Instance /robottest/uut/DataMem/ : Warning: CONV_INTEGER: There is an 'U'|'X'|'W'|'Z'|'-' in an arithmetic operand, and it has been converted to 0.
at 280 ns(68), Instance /robottest/uut/DataMem/ : Warning: CONV_INTEGER: There is an 'U'|'X'|'W'|'Z'|'-' in an arithmetic operand, and it has been converted to 0.
at 280 ns(71), Instance /robottest/uut/DataMem/ : Warning: CONV_INTEGER: There is an 'U'|'X'|'W'|'Z'|'-' in an arithmetic operand, and it has been converted to 0.
at 280 ns(74), Instance /robottest/uut/DataMem/ : Warning: CONV_INTEGER: There is an 'U'|'X'|'W'|'Z'|'-' in an arithmetic operand, and it has been converted to 0.
at 280 ns(77), Instance /robottest/uut/DataMem/ : Warning: CONV_INTEGER: There is an 'U'|'X'|'W'|'Z'|'-' in an arithmetic operand, and it has been converted to 0.
at 280 ns(80), Instance /robottest/uut/DataMem/ : Warning: CONV_INTEGER: There is an 'U'|'X'|'W'|'Z'|'-' in an arithmetic operand, and it has been converted to 0.
at 280 ns(83), Instance /robottest/uut/DataMem/ : Warning: CONV_INTEGER: There is an 'U'|'X'|'W'|'Z'|'-' in an arithmetic operand, and it has been converted to 0.
at 280 ns(86), Instance /robottest/uut/DataMem/ : Warning: CONV_INTEGER: There is an 'U'|'X'|'W'|'Z'|'-' in an arithmetic operand, and it has been converted to 0.
at 280 ns(89), Instance /robottest/uut/DataMem/ : Warning: CONV_INTEGER: There is an 'U'|'X'|'W'|'Z'|'-' in an arithmetic operand, and it has been converted to 0.
at 280 ns(92), Instance /robottest/uut/DataMem/ : Warning: CONV_INTEGER: There is an 'U'|'X'|'W'|'Z'|'-' in an arithmetic operand, and it has been converted to 0.
at 280 ns(95), Instance /robottest/uut/DataMem/ : Warning: CONV_INTEGER: There is an 'U'|'X'|'W'|'Z'|'-' in an arithmetic operand, and it has been converted to 0.
at 280 ns(98), Instance /robottest/uut/DataMem/ : Warning: CONV_INTEGER: There is an 'U'|'X'|'W'|'Z'|'-' in an arithmetic operand, and it has been converted to 0.
at 280 ns(101), Instance /robottest/uut/DataMem/ : Warning: CONV_INTEGER: There is an 'U'|'X'|'W'|'Z'|'-' in an arithmetic operand, and it has been converted to 0.
at 280 ns(104), Instance /robottest/uut/DataMem/ : Warning: CONV_INTEGER: There is an 'U'|'X'|'W'|'Z'|'-' in an arithmetic operand, and it has been converted to 0.
at 294 ns(10), Instance /robottest/uut/DataMem/ : Warning: CONV_INTEGER: There is an 'U'|'X'|'W'|'Z'|'-' in an arithmetic operand, and it has been converted to 0.
at 294 ns(20), Instance /robottest/uut/DataMem/ : Warning: CONV_INTEGER: There is an 'U'|'X'|'W'|'Z'|'-' in an arithmetic operand, and it has been converted to 0.
at 294 ns(23), Instance /robottest/uut/DataMem/ : Warning: CONV_INTEGER: There is an 'U'|'X'|'W'|'Z'|'-' in an arithmetic operand, and it has been converted to 0.
at 294 ns(26), Instance /robottest/uut/DataMem/ : Warning: CONV_INTEGER: There is an 'U'|'X'|'W'|'Z'|'-' in an arithmetic operand, and it has been converted to 0.
at 294 ns(29), Instance /robottest/uut/DataMem/ : Warning: CONV_INTEGER: There is an 'U'|'X'|'W'|'Z'|'-' in an arithmetic operand, and it has been converted to 0.
at 294 ns(32), Instance /robottest/uut/DataMem/ : Warning: CONV_INTEGER: There is an 'U'|'X'|'W'|'Z'|'-' in an arithmetic operand, and it has been converted to 0.
at 294 ns(35), Instance /robottest/uut/DataMem/ : Warning: CONV_INTEGER: There is an 'U'|'X'|'W'|'Z'|'-' in an arithmetic operand, and it has been converted to 0.
at 294 ns(38), Instance /robottest/uut/DataMem/ : Warning: CONV_INTEGER: There is an 'U'|'X'|'W'|'Z'|'-' in an arithmetic operand, and it has been converted to 0.
at 294 ns(41), Instance /robottest/uut/DataMem/ : Warning: CONV_INTEGER: There is an 'U'|'X'|'W'|'Z'|'-' in an arithmetic operand, and it has been converted to 0.
at 294 ns(44), Instance /robottest/uut/DataMem/ : Warning: CONV_INTEGER: There is an 'U'|'X'|'W'|'Z'|'-' in an arithmetic operand, and it has been converted to 0.
at 294 ns(47), Instance /robottest/uut/DataMem/ : Warning: CONV_INTEGER: There is an 'U'|'X'|'W'|'Z'|'-' in an arithmetic operand, and it has been converted to 0.
at 294 ns(50), Instance /robottest/uut/DataMem/ : Warning: CONV_INTEGER: There is an 'U'|'X'|'W'|'Z'|'-' in an arithmetic operand, and it has been converted to 0.
at 294 ns(53), Instance /robottest/uut/DataMem/ : Warning: CONV_INTEGER: There is an 'U'|'X'|'W'|'Z'|'-' in an arithmetic operand, and it has been converted to 0.
at 294 ns(56), Instance /robottest/uut/DataMem/ : Warning: CONV_INTEGER: There is an 'U'|'X'|'W'|'Z'|'-' in an arithmetic operand, and it has been converted to 0.
at 294 ns(59), Instance /robottest/uut/DataMem/ : Warning: CONV_INTEGER: There is an 'U'|'X'|'W'|'Z'|'-' in an arithmetic operand, and it has been converted to 0.
at 294 ns(62), Instance /robottest/uut/DataMem/ : Warning: CONV_INTEGER: There is an 'U'|'X'|'W'|'Z'|'-' in an arithmetic operand, and it has been converted to 0.
at 294 ns(65), Instance /robottest/uut/DataMem/ : Warning: CONV_INTEGER: There is an 'U'|'X'|'W'|'Z'|'-' in an arithmetic operand, and it has been converted to 0.
at 294 ns(68), Instance /robottest/uut/DataMem/ : Warning: CONV_INTEGER: There is an 'U'|'X'|'W'|'Z'|'-' in an arithmetic operand, and it has been converted to 0.
at 294 ns(71), Instance /robottest/uut/DataMem/ : Warning: CONV_INTEGER: There is an 'U'|'X'|'W'|'Z'|'-' in an arithmetic operand, and it has been converted to 0.
at 294 ns(74), Instance /robottest/uut/DataMem/ : Warning: CONV_INTEGER: There is an 'U'|'X'|'W'|'Z'|'-' in an arithmetic operand, and it has been converted to 0.
at 294 ns(77), Instance /robottest/uut/DataMem/ : Warning: CONV_INTEGER: There is an 'U'|'X'|'W'|'Z'|'-' in an arithmetic operand, and it has been converted to 0.
at 294 ns(80), Instance /robottest/uut/DataMem/ : Warning: CONV_INTEGER: There is an 'U'|'X'|'W'|'Z'|'-' in an arithmetic operand, and it has been converted to 0.
at 294 ns(83), Instance /robottest/uut/DataMem/ : Warning: CONV_INTEGER: There is an 'U'|'X'|'W'|'Z'|'-' in an arithmetic operand, and it has been converted to 0.
at 294 ns(86), Instance /robottest/uut/DataMem/ : Warning: CONV_INTEGER: There is an 'U'|'X'|'W'|'Z'|'-' in an arithmetic operand, and it has been converted to 0.
at 294 ns(89), Instance /robottest/uut/DataMem/ : Warning: CONV_INTEGER: There is an 'U'|'X'|'W'|'Z'|'-' in an arithmetic operand, and it has been converted to 0.
at 294 ns(92), Instance /robottest/uut/DataMem/ : Warning: CONV_INTEGER: There is an 'U'|'X'|'W'|'Z'|'-' in an arithmetic operand, and it has been converted to 0.
at 294 ns(95), Instance /robottest/uut/DataMem/ : Warning: CONV_INTEGER: There is an 'U'|'X'|'W'|'Z'|'-' in an arithmetic operand, and it has been converted to 0.
at 294 ns(98), Instance /robottest/uut/DataMem/ : Warning: CONV_INTEGER: There is an 'U'|'X'|'W'|'Z'|'-' in an arithmetic operand, and it has been converted to 0.
at 294 ns(101), Instance /robottest/uut/DataMem/ : Warning: CONV_INTEGER: There is an 'U'|'X'|'W'|'Z'|'-' in an arithmetic operand, and it has been converted to 0.
at 294 ns(104), Instance /robottest/uut/DataMem/ : Warning: CONV_INTEGER: There is an 'U'|'X'|'W'|'Z'|'-' in an arithmetic operand, and it has been converted to 0.
at 308 ns(10), Instance /robottest/uut/DataMem/ : Warning: CONV_INTEGER: There is an 'U'|'X'|'W'|'Z'|'-' in an arithmetic operand, and it has been converted to 0.
at 308 ns(20), Instance /robottest/uut/DataMem/ : Warning: CONV_INTEGER: There is an 'U'|'X'|'W'|'Z'|'-' in an arithmetic operand, and it has been converted to 0.
at 308 ns(23), Instance /robottest/uut/DataMem/ : Warning: CONV_INTEGER: There is an 'U'|'X'|'W'|'Z'|'-' in an arithmetic operand, and it has been converted to 0.
at 308 ns(26), Instance /robottest/uut/DataMem/ : Warning: CONV_INTEGER: There is an 'U'|'X'|'W'|'Z'|'-' in an arithmetic operand, and it has been converted to 0.
at 308 ns(29), Instance /robottest/uut/DataMem/ : Warning: CONV_INTEGER: There is an 'U'|'X'|'W'|'Z'|'-' in an arithmetic operand, and it has been converted to 0.
at 308 ns(32), Instance /robottest/uut/DataMem/ : Warning: CONV_INTEGER: There is an 'U'|'X'|'W'|'Z'|'-' in an arithmetic operand, and it has been converted to 0.
at 308 ns(35), Instance /robottest/uut/DataMem/ : Warning: CONV_INTEGER: There is an 'U'|'X'|'W'|'Z'|'-' in an arithmetic operand, and it has been converted to 0.
at 308 ns(38), Instance /robottest/uut/DataMem/ : Warning: CONV_INTEGER: There is an 'U'|'X'|'W'|'Z'|'-' in an arithmetic operand, and it has been converted to 0.
at 308 ns(41), Instance /robottest/uut/DataMem/ : Warning: CONV_INTEGER: There is an 'U'|'X'|'W'|'Z'|'-' in an arithmetic operand, and it has been converted to 0.
at 308 ns(44), Instance /robottest/uut/DataMem/ : Warning: CONV_INTEGER: There is an 'U'|'X'|'W'|'Z'|'-' in an arithmetic operand, and it has been converted to 0.
at 308 ns(47), Instance /robottest/uut/DataMem/ : Warning: CONV_INTEGER: There is an 'U'|'X'|'W'|'Z'|'-' in an arithmetic operand, and it has been converted to 0.
at 308 ns(50), Instance /robottest/uut/DataMem/ : Warning: CONV_INTEGER: There is an 'U'|'X'|'W'|'Z'|'-' in an arithmetic operand, and it has been converted to 0.
at 308 ns(53), Instance /robottest/uut/DataMem/ : Warning: CONV_INTEGER: There is an 'U'|'X'|'W'|'Z'|'-' in an arithmetic operand, and it has been converted to 0.
at 308 ns(56), Instance /robottest/uut/DataMem/ : Warning: CONV_INTEGER: There is an 'U'|'X'|'W'|'Z'|'-' in an arithmetic operand, and it has been converted to 0.
at 308 ns(59), Instance /robottest/uut/DataMem/ : Warning: CONV_INTEGER: There is an 'U'|'X'|'W'|'Z'|'-' in an arithmetic operand, and it has been converted to 0.
at 308 ns(62), Instance /robottest/uut/DataMem/ : Warning: CONV_INTEGER: There is an 'U'|'X'|'W'|'Z'|'-' in an arithmetic operand, and it has been converted to 0.
at 308 ns(65), Instance /robottest/uut/DataMem/ : Warning: CONV_INTEGER: There is an 'U'|'X'|'W'|'Z'|'-' in an arithmetic operand, and it has been converted to 0.
at 308 ns(68), Instance /robottest/uut/DataMem/ : Warning: CONV_INTEGER: There is an 'U'|'X'|'W'|'Z'|'-' in an arithmetic operand, and it has been converted to 0.
at 308 ns(71), Instance /robottest/uut/DataMem/ : Warning: CONV_INTEGER: There is an 'U'|'X'|'W'|'Z'|'-' in an arithmetic operand, and it has been converted to 0.
at 308 ns(74), Instance /robottest/uut/DataMem/ : Warning: CONV_INTEGER: There is an 'U'|'X'|'W'|'Z'|'-' in an arithmetic operand, and it has been converted to 0.
at 308 ns(77), Instance /robottest/uut/DataMem/ : Warning: CONV_INTEGER: There is an 'U'|'X'|'W'|'Z'|'-' in an arithmetic operand, and it has been converted to 0.
at 308 ns(80), Instance /robottest/uut/DataMem/ : Warning: CONV_INTEGER: There is an 'U'|'X'|'W'|'Z'|'-' in an arithmetic operand, and it has been converted to 0.
at 308 ns(83), Instance /robottest/uut/DataMem/ : Warning: CONV_INTEGER: There is an 'U'|'X'|'W'|'Z'|'-' in an arithmetic operand, and it has been converted to 0.
at 308 ns(86), Instance /robottest/uut/DataMem/ : Warning: CONV_INTEGER: There is an 'U'|'X'|'W'|'Z'|'-' in an arithmetic operand, and it has been converted to 0.
at 308 ns(89), Instance /robottest/uut/DataMem/ : Warning: CONV_INTEGER: There is an 'U'|'X'|'W'|'Z'|'-' in an arithmetic operand, and it has been converted to 0.
at 308 ns(92), Instance /robottest/uut/DataMem/ : Warning: CONV_INTEGER: There is an 'U'|'X'|'W'|'Z'|'-' in an arithmetic operand, and it has been converted to 0.
at 308 ns(95), Instance /robottest/uut/DataMem/ : Warning: CONV_INTEGER: There is an 'U'|'X'|'W'|'Z'|'-' in an arithmetic operand, and it has been converted to 0.
at 308 ns(98), Instance /robottest/uut/DataMem/ : Warning: CONV_INTEGER: There is an 'U'|'X'|'W'|'Z'|'-' in an arithmetic operand, and it has been converted to 0.
at 308 ns(101), Instance /robottest/uut/DataMem/ : Warning: CONV_INTEGER: There is an 'U'|'X'|'W'|'Z'|'-' in an arithmetic operand, and it has been converted to 0.
at 308 ns(104), Instance /robottest/uut/DataMem/ : Warning: CONV_INTEGER: There is an 'U'|'X'|'W'|'Z'|'-' in an arithmetic operand, and it has been converted to 0.
at 322 ns(10), Instance /robottest/uut/DataMem/ : Warning: CONV_INTEGER: There is an 'U'|'X'|'W'|'Z'|'-' in an arithmetic operand, and it has been converted to 0.
at 322 ns(20), Instance /robottest/uut/DataMem/ : Warning: CONV_INTEGER: There is an 'U'|'X'|'W'|'Z'|'-' in an arithmetic operand, and it has been converted to 0.
at 322 ns(23), Instance /robottest/uut/DataMem/ : Warning: CONV_INTEGER: There is an 'U'|'X'|'W'|'Z'|'-' in an arithmetic operand, and it has been converted to 0.
at 322 ns(26), Instance /robottest/uut/DataMem/ : Warning: CONV_INTEGER: There is an 'U'|'X'|'W'|'Z'|'-' in an arithmetic operand, and it has been converted to 0.
at 322 ns(29), Instance /robottest/uut/DataMem/ : Warning: CONV_INTEGER: There is an 'U'|'X'|'W'|'Z'|'-' in an arithmetic operand, and it has been converted to 0.
at 322 ns(32), Instance /robottest/uut/DataMem/ : Warning: CONV_INTEGER: There is an 'U'|'X'|'W'|'Z'|'-' in an arithmetic operand, and it has been converted to 0.
at 322 ns(35), Instance /robottest/uut/DataMem/ : Warning: CONV_INTEGER: There is an 'U'|'X'|'W'|'Z'|'-' in an arithmetic operand, and it has been converted to 0.
at 322 ns(38), Instance /robottest/uut/DataMem/ : Warning: CONV_INTEGER: There is an 'U'|'X'|'W'|'Z'|'-' in an arithmetic operand, and it has been converted to 0.
at 322 ns(41), Instance /robottest/uut/DataMem/ : Warning: CONV_INTEGER: There is an 'U'|'X'|'W'|'Z'|'-' in an arithmetic operand, and it has been converted to 0.
at 322 ns(44), Instance /robottest/uut/DataMem/ : Warning: CONV_INTEGER: There is an 'U'|'X'|'W'|'Z'|'-' in an arithmetic operand, and it has been converted to 0.
at 322 ns(47), Instance /robottest/uut/DataMem/ : Warning: CONV_INTEGER: There is an 'U'|'X'|'W'|'Z'|'-' in an arithmetic operand, and it has been converted to 0.
at 322 ns(50), Instance /robottest/uut/DataMem/ : Warning: CONV_INTEGER: There is an 'U'|'X'|'W'|'Z'|'-' in an arithmetic operand, and it has been converted to 0.
at 322 ns(53), Instance /robottest/uut/DataMem/ : Warning: CONV_INTEGER: There is an 'U'|'X'|'W'|'Z'|'-' in an arithmetic operand, and it has been converted to 0.
at 322 ns(56), Instance /robottest/uut/DataMem/ : Warning: CONV_INTEGER: There is an 'U'|'X'|'W'|'Z'|'-' in an arithmetic operand, and it has been converted to 0.
at 322 ns(59), Instance /robottest/uut/DataMem/ : Warning: CONV_INTEGER: There is an 'U'|'X'|'W'|'Z'|'-' in an arithmetic operand, and it has been converted to 0.
at 322 ns(62), Instance /robottest/uut/DataMem/ : Warning: CONV_INTEGER: There is an 'U'|'X'|'W'|'Z'|'-' in an arithmetic operand, and it has been converted to 0.
at 322 ns(65), Instance /robottest/uut/DataMem/ : Warning: CONV_INTEGER: There is an 'U'|'X'|'W'|'Z'|'-' in an arithmetic operand, and it has been converted to 0.
at 322 ns(68), Instance /robottest/uut/DataMem/ : Warning: CONV_INTEGER: There is an 'U'|'X'|'W'|'Z'|'-' in an arithmetic operand, and it has been converted to 0.
at 322 ns(71), Instance /robottest/uut/DataMem/ : Warning: CONV_INTEGER: There is an 'U'|'X'|'W'|'Z'|'-' in an arithmetic operand, and it has been converted to 0.
at 322 ns(74), Instance /robottest/uut/DataMem/ : Warning: CONV_INTEGER: There is an 'U'|'X'|'W'|'Z'|'-' in an arithmetic operand, and it has been converted to 0.
at 322 ns(77), Instance /robottest/uut/DataMem/ : Warning: CONV_INTEGER: There is an 'U'|'X'|'W'|'Z'|'-' in an arithmetic operand, and it has been converted to 0.
at 322 ns(80), Instance /robottest/uut/DataMem/ : Warning: CONV_INTEGER: There is an 'U'|'X'|'W'|'Z'|'-' in an arithmetic operand, and it has been converted to 0.
at 322 ns(83), Instance /robottest/uut/DataMem/ : Warning: CONV_INTEGER: There is an 'U'|'X'|'W'|'Z'|'-' in an arithmetic operand, and it has been converted to 0.
at 322 ns(86), Instance /robottest/uut/DataMem/ : Warning: CONV_INTEGER: There is an 'U'|'X'|'W'|'Z'|'-' in an arithmetic operand, and it has been converted to 0.
at 322 ns(89), Instance /robottest/uut/DataMem/ : Warning: CONV_INTEGER: There is an 'U'|'X'|'W'|'Z'|'-' in an arithmetic operand, and it has been converted to 0.
at 322 ns(92), Instance /robottest/uut/DataMem/ : Warning: CONV_INTEGER: There is an 'U'|'X'|'W'|'Z'|'-' in an arithmetic operand, and it has been converted to 0.
at 322 ns(95), Instance /robottest/uut/DataMem/ : Warning: CONV_INTEGER: There is an 'U'|'X'|'W'|'Z'|'-' in an arithmetic operand, and it has been converted to 0.
at 322 ns(98), Instance /robottest/uut/DataMem/ : Warning: CONV_INTEGER: There is an 'U'|'X'|'W'|'Z'|'-' in an arithmetic operand, and it has been converted to 0.
at 322 ns(101), Instance /robottest/uut/DataMem/ : Warning: CONV_INTEGER: There is an 'U'|'X'|'W'|'Z'|'-' in an arithmetic operand, and it has been converted to 0.
at 322 ns(104), Instance /robottest/uut/DataMem/ : Warning: CONV_INTEGER: There is an 'U'|'X'|'W'|'Z'|'-' in an arithmetic operand, and it has been converted to 0.
at 336 ns(10), Instance /robottest/uut/DataMem/ : Warning: CONV_INTEGER: There is an 'U'|'X'|'W'|'Z'|'-' in an arithmetic operand, and it has been converted to 0.
at 336 ns(20), Instance /robottest/uut/DataMem/ : Warning: CONV_INTEGER: There is an 'U'|'X'|'W'|'Z'|'-' in an arithmetic operand, and it has been converted to 0.
at 336 ns(23), Instance /robottest/uut/DataMem/ : Warning: CONV_INTEGER: There is an 'U'|'X'|'W'|'Z'|'-' in an arithmetic operand, and it has been converted to 0.
at 336 ns(26), Instance /robottest/uut/DataMem/ : Warning: CONV_INTEGER: There is an 'U'|'X'|'W'|'Z'|'-' in an arithmetic operand, and it has been converted to 0.
at 336 ns(29), Instance /robottest/uut/DataMem/ : Warning: CONV_INTEGER: There is an 'U'|'X'|'W'|'Z'|'-' in an arithmetic operand, and it has been converted to 0.
at 336 ns(32), Instance /robottest/uut/DataMem/ : Warning: CONV_INTEGER: There is an 'U'|'X'|'W'|'Z'|'-' in an arithmetic operand, and it has been converted to 0.
at 336 ns(35), Instance /robottest/uut/DataMem/ : Warning: CONV_INTEGER: There is an 'U'|'X'|'W'|'Z'|'-' in an arithmetic operand, and it has been converted to 0.
at 336 ns(38), Instance /robottest/uut/DataMem/ : Warning: CONV_INTEGER: There is an 'U'|'X'|'W'|'Z'|'-' in an arithmetic operand, and it has been converted to 0.
at 336 ns(41), Instance /robottest/uut/DataMem/ : Warning: CONV_INTEGER: There is an 'U'|'X'|'W'|'Z'|'-' in an arithmetic operand, and it has been converted to 0.
at 336 ns(44), Instance /robottest/uut/DataMem/ : Warning: CONV_INTEGER: There is an 'U'|'X'|'W'|'Z'|'-' in an arithmetic operand, and it has been converted to 0.
at 336 ns(47), Instance /robottest/uut/DataMem/ : Warning: CONV_INTEGER: There is an 'U'|'X'|'W'|'Z'|'-' in an arithmetic operand, and it has been converted to 0.
at 336 ns(50), Instance /robottest/uut/DataMem/ : Warning: CONV_INTEGER: There is an 'U'|'X'|'W'|'Z'|'-' in an arithmetic operand, and it has been converted to 0.
at 336 ns(53), Instance /robottest/uut/DataMem/ : Warning: CONV_INTEGER: There is an 'U'|'X'|'W'|'Z'|'-' in an arithmetic operand, and it has been converted to 0.
at 336 ns(56), Instance /robottest/uut/DataMem/ : Warning: CONV_INTEGER: There is an 'U'|'X'|'W'|'Z'|'-' in an arithmetic operand, and it has been converted to 0.
at 336 ns(59), Instance /robottest/uut/DataMem/ : Warning: CONV_INTEGER: There is an 'U'|'X'|'W'|'Z'|'-' in an arithmetic operand, and it has been converted to 0.
at 336 ns(62), Instance /robottest/uut/DataMem/ : Warning: CONV_INTEGER: There is an 'U'|'X'|'W'|'Z'|'-' in an arithmetic operand, and it has been converted to 0.
at 336 ns(65), Instance /robottest/uut/DataMem/ : Warning: CONV_INTEGER: There is an 'U'|'X'|'W'|'Z'|'-' in an arithmetic operand, and it has been converted to 0.
at 336 ns(68), Instance /robottest/uut/DataMem/ : Warning: CONV_INTEGER: There is an 'U'|'X'|'W'|'Z'|'-' in an arithmetic operand, and it has been converted to 0.
at 336 ns(71), Instance /robottest/uut/DataMem/ : Warning: CONV_INTEGER: There is an 'U'|'X'|'W'|'Z'|'-' in an arithmetic operand, and it has been converted to 0.
at 336 ns(74), Instance /robottest/uut/DataMem/ : Warning: CONV_INTEGER: There is an 'U'|'X'|'W'|'Z'|'-' in an arithmetic operand, and it has been converted to 0.
at 336 ns(77), Instance /robottest/uut/DataMem/ : Warning: CONV_INTEGER: There is an 'U'|'X'|'W'|'Z'|'-' in an arithmetic operand, and it has been converted to 0.
at 336 ns(80), Instance /robottest/uut/DataMem/ : Warning: CONV_INTEGER: There is an 'U'|'X'|'W'|'Z'|'-' in an arithmetic operand, and it has been converted to 0.
at 336 ns(83), Instance /robottest/uut/DataMem/ : Warning: CONV_INTEGER: There is an 'U'|'X'|'W'|'Z'|'-' in an arithmetic operand, and it has been converted to 0.
at 336 ns(86), Instance /robottest/uut/DataMem/ : Warning: CONV_INTEGER: There is an 'U'|'X'|'W'|'Z'|'-' in an arithmetic operand, and it has been converted to 0.
at 336 ns(89), Instance /robottest/uut/DataMem/ : Warning: CONV_INTEGER: There is an 'U'|'X'|'W'|'Z'|'-' in an arithmetic operand, and it has been converted to 0.
at 336 ns(92), Instance /robottest/uut/DataMem/ : Warning: CONV_INTEGER: There is an 'U'|'X'|'W'|'Z'|'-' in an arithmetic operand, and it has been converted to 0.
at 336 ns(95), Instance /robottest/uut/DataMem/ : Warning: CONV_INTEGER: There is an 'U'|'X'|'W'|'Z'|'-' in an arithmetic operand, and it has been converted to 0.
at 336 ns(98), Instance /robottest/uut/DataMem/ : Warning: CONV_INTEGER: There is an 'U'|'X'|'W'|'Z'|'-' in an arithmetic operand, and it has been converted to 0.
at 336 ns(101), Instance /robottest/uut/DataMem/ : Warning: CONV_INTEGER: There is an 'U'|'X'|'W'|'Z'|'-' in an arithmetic operand, and it has been converted to 0.
at 336 ns(104), Instance /robottest/uut/DataMem/ : Warning: CONV_INTEGER: There is an 'U'|'X'|'W'|'Z'|'-' in an arithmetic operand, and it has been converted to 0.
at 350 ns(10), Instance /robottest/uut/DataMem/ : Warning: CONV_INTEGER: There is an 'U'|'X'|'W'|'Z'|'-' in an arithmetic operand, and it has been converted to 0.
at 350 ns(20), Instance /robottest/uut/DataMem/ : Warning: CONV_INTEGER: There is an 'U'|'X'|'W'|'Z'|'-' in an arithmetic operand, and it has been converted to 0.
at 350 ns(23), Instance /robottest/uut/DataMem/ : Warning: CONV_INTEGER: There is an 'U'|'X'|'W'|'Z'|'-' in an arithmetic operand, and it has been converted to 0.
at 350 ns(26), Instance /robottest/uut/DataMem/ : Warning: CONV_INTEGER: There is an 'U'|'X'|'W'|'Z'|'-' in an arithmetic operand, and it has been converted to 0.
at 350 ns(29), Instance /robottest/uut/DataMem/ : Warning: CONV_INTEGER: There is an 'U'|'X'|'W'|'Z'|'-' in an arithmetic operand, and it has been converted to 0.
at 350 ns(32), Instance /robottest/uut/DataMem/ : Warning: CONV_INTEGER: There is an 'U'|'X'|'W'|'Z'|'-' in an arithmetic operand, and it has been converted to 0.
at 350 ns(35), Instance /robottest/uut/DataMem/ : Warning: CONV_INTEGER: There is an 'U'|'X'|'W'|'Z'|'-' in an arithmetic operand, and it has been converted to 0.
at 350 ns(38), Instance /robottest/uut/DataMem/ : Warning: CONV_INTEGER: There is an 'U'|'X'|'W'|'Z'|'-' in an arithmetic operand, and it has been converted to 0.
at 350 ns(41), Instance /robottest/uut/DataMem/ : Warning: CONV_INTEGER: There is an 'U'|'X'|'W'|'Z'|'-' in an arithmetic operand, and it has been converted to 0.
at 350 ns(44), Instance /robottest/uut/DataMem/ : Warning: CONV_INTEGER: There is an 'U'|'X'|'W'|'Z'|'-' in an arithmetic operand, and it has been converted to 0.
at 350 ns(47), Instance /robottest/uut/DataMem/ : Warning: CONV_INTEGER: There is an 'U'|'X'|'W'|'Z'|'-' in an arithmetic operand, and it has been converted to 0.
at 350 ns(50), Instance /robottest/uut/DataMem/ : Warning: CONV_INTEGER: There is an 'U'|'X'|'W'|'Z'|'-' in an arithmetic operand, and it has been converted to 0.
at 350 ns(53), Instance /robottest/uut/DataMem/ : Warning: CONV_INTEGER: There is an 'U'|'X'|'W'|'Z'|'-' in an arithmetic operand, and it has been converted to 0.
at 350 ns(56), Instance /robottest/uut/DataMem/ : Warning: CONV_INTEGER: There is an 'U'|'X'|'W'|'Z'|'-' in an arithmetic operand, and it has been converted to 0.
at 350 ns(59), Instance /robottest/uut/DataMem/ : Warning: CONV_INTEGER: There is an 'U'|'X'|'W'|'Z'|'-' in an arithmetic operand, and it has been converted to 0.
at 350 ns(62), Instance /robottest/uut/DataMem/ : Warning: CONV_INTEGER: There is an 'U'|'X'|'W'|'Z'|'-' in an arithmetic operand, and it has been converted to 0.
at 350 ns(65), Instance /robottest/uut/DataMem/ : Warning: CONV_INTEGER: There is an 'U'|'X'|'W'|'Z'|'-' in an arithmetic operand, and it has been converted to 0.
at 350 ns(68), Instance /robottest/uut/DataMem/ : Warning: CONV_INTEGER: There is an 'U'|'X'|'W'|'Z'|'-' in an arithmetic operand, and it has been converted to 0.
at 350 ns(71), Instance /robottest/uut/DataMem/ : Warning: CONV_INTEGER: There is an 'U'|'X'|'W'|'Z'|'-' in an arithmetic operand, and it has been converted to 0.
at 350 ns(74), Instance /robottest/uut/DataMem/ : Warning: CONV_INTEGER: There is an 'U'|'X'|'W'|'Z'|'-' in an arithmetic operand, and it has been converted to 0.
at 350 ns(77), Instance /robottest/uut/DataMem/ : Warning: CONV_INTEGER: There is an 'U'|'X'|'W'|'Z'|'-' in an arithmetic operand, and it has been converted to 0.
at 350 ns(80), Instance /robottest/uut/DataMem/ : Warning: CONV_INTEGER: There is an 'U'|'X'|'W'|'Z'|'-' in an arithmetic operand, and it has been converted to 0.
at 350 ns(83), Instance /robottest/uut/DataMem/ : Warning: CONV_INTEGER: There is an 'U'|'X'|'W'|'Z'|'-' in an arithmetic operand, and it has been converted to 0.
at 350 ns(86), Instance /robottest/uut/DataMem/ : Warning: CONV_INTEGER: There is an 'U'|'X'|'W'|'Z'|'-' in an arithmetic operand, and it has been converted to 0.
at 350 ns(89), Instance /robottest/uut/DataMem/ : Warning: CONV_INTEGER: There is an 'U'|'X'|'W'|'Z'|'-' in an arithmetic operand, and it has been converted to 0.
at 350 ns(92), Instance /robottest/uut/DataMem/ : Warning: CONV_INTEGER: There is an 'U'|'X'|'W'|'Z'|'-' in an arithmetic operand, and it has been converted to 0.
at 350 ns(95), Instance /robottest/uut/DataMem/ : Warning: CONV_INTEGER: There is an 'U'|'X'|'W'|'Z'|'-' in an arithmetic operand, and it has been converted to 0.
at 350 ns(98), Instance /robottest/uut/DataMem/ : Warning: CONV_INTEGER: There is an 'U'|'X'|'W'|'Z'|'-' in an arithmetic operand, and it has been converted to 0.
at 350 ns(101), Instance /robottest/uut/DataMem/ : Warning: CONV_INTEGER: There is an 'U'|'X'|'W'|'Z'|'-' in an arithmetic operand, and it has been converted to 0.
at 350 ns(104), Instance /robottest/uut/DataMem/ : Warning: CONV_INTEGER: There is an 'U'|'X'|'W'|'Z'|'-' in an arithmetic operand, and it has been converted to 0.
at 364 ns(10), Instance /robottest/uut/DataMem/ : Warning: CONV_INTEGER: There is an 'U'|'X'|'W'|'Z'|'-' in an arithmetic operand, and it has been converted to 0.
at 364 ns(20), Instance /robottest/uut/DataMem/ : Warning: CONV_INTEGER: There is an 'U'|'X'|'W'|'Z'|'-' in an arithmetic operand, and it has been converted to 0.
at 364 ns(23), Instance /robottest/uut/DataMem/ : Warning: CONV_INTEGER: There is an 'U'|'X'|'W'|'Z'|'-' in an arithmetic operand, and it has been converted to 0.
at 364 ns(26), Instance /robottest/uut/DataMem/ : Warning: CONV_INTEGER: There is an 'U'|'X'|'W'|'Z'|'-' in an arithmetic operand, and it has been converted to 0.
at 364 ns(29), Instance /robottest/uut/DataMem/ : Warning: CONV_INTEGER: There is an 'U'|'X'|'W'|'Z'|'-' in an arithmetic operand, and it has been converted to 0.
at 364 ns(32), Instance /robottest/uut/DataMem/ : Warning: CONV_INTEGER: There is an 'U'|'X'|'W'|'Z'|'-' in an arithmetic operand, and it has been converted to 0.
at 364 ns(35), Instance /robottest/uut/DataMem/ : Warning: CONV_INTEGER: There is an 'U'|'X'|'W'|'Z'|'-' in an arithmetic operand, and it has been converted to 0.
at 364 ns(38), Instance /robottest/uut/DataMem/ : Warning: CONV_INTEGER: There is an 'U'|'X'|'W'|'Z'|'-' in an arithmetic operand, and it has been converted to 0.
at 364 ns(41), Instance /robottest/uut/DataMem/ : Warning: CONV_INTEGER: There is an 'U'|'X'|'W'|'Z'|'-' in an arithmetic operand, and it has been converted to 0.
at 364 ns(44), Instance /robottest/uut/DataMem/ : Warning: CONV_INTEGER: There is an 'U'|'X'|'W'|'Z'|'-' in an arithmetic operand, and it has been converted to 0.
at 364 ns(47), Instance /robottest/uut/DataMem/ : Warning: CONV_INTEGER: There is an 'U'|'X'|'W'|'Z'|'-' in an arithmetic operand, and it has been converted to 0.
at 364 ns(50), Instance /robottest/uut/DataMem/ : Warning: CONV_INTEGER: There is an 'U'|'X'|'W'|'Z'|'-' in an arithmetic operand, and it has been converted to 0.
at 364 ns(53), Instance /robottest/uut/DataMem/ : Warning: CONV_INTEGER: There is an 'U'|'X'|'W'|'Z'|'-' in an arithmetic operand, and it has been converted to 0.
at 364 ns(56), Instance /robottest/uut/DataMem/ : Warning: CONV_INTEGER: There is an 'U'|'X'|'W'|'Z'|'-' in an arithmetic operand, and it has been converted to 0.
at 364 ns(59), Instance /robottest/uut/DataMem/ : Warning: CONV_INTEGER: There is an 'U'|'X'|'W'|'Z'|'-' in an arithmetic operand, and it has been converted to 0.
at 364 ns(62), Instance /robottest/uut/DataMem/ : Warning: CONV_INTEGER: There is an 'U'|'X'|'W'|'Z'|'-' in an arithmetic operand, and it has been converted to 0.
at 364 ns(65), Instance /robottest/uut/DataMem/ : Warning: CONV_INTEGER: There is an 'U'|'X'|'W'|'Z'|'-' in an arithmetic operand, and it has been converted to 0.
at 364 ns(68), Instance /robottest/uut/DataMem/ : Warning: CONV_INTEGER: There is an 'U'|'X'|'W'|'Z'|'-' in an arithmetic operand, and it has been converted to 0.
at 364 ns(71), Instance /robottest/uut/DataMem/ : Warning: CONV_INTEGER: There is an 'U'|'X'|'W'|'Z'|'-' in an arithmetic operand, and it has been converted to 0.
at 364 ns(74), Instance /robottest/uut/DataMem/ : Warning: CONV_INTEGER: There is an 'U'|'X'|'W'|'Z'|'-' in an arithmetic operand, and it has been converted to 0.
at 364 ns(77), Instance /robottest/uut/DataMem/ : Warning: CONV_INTEGER: There is an 'U'|'X'|'W'|'Z'|'-' in an arithmetic operand, and it has been converted to 0.
at 364 ns(80), Instance /robottest/uut/DataMem/ : Warning: CONV_INTEGER: There is an 'U'|'X'|'W'|'Z'|'-' in an arithmetic operand, and it has been converted to 0.
at 364 ns(83), Instance /robottest/uut/DataMem/ : Warning: CONV_INTEGER: There is an 'U'|'X'|'W'|'Z'|'-' in an arithmetic operand, and it has been converted to 0.
at 364 ns(86), Instance /robottest/uut/DataMem/ : Warning: CONV_INTEGER: There is an 'U'|'X'|'W'|'Z'|'-' in an arithmetic operand, and it has been converted to 0.
at 364 ns(89), Instance /robottest/uut/DataMem/ : Warning: CONV_INTEGER: There is an 'U'|'X'|'W'|'Z'|'-' in an arithmetic operand, and it has been converted to 0.
at 364 ns(92), Instance /robottest/uut/DataMem/ : Warning: CONV_INTEGER: There is an 'U'|'X'|'W'|'Z'|'-' in an arithmetic operand, and it has been converted to 0.
at 364 ns(95), Instance /robottest/uut/DataMem/ : Warning: CONV_INTEGER: There is an 'U'|'X'|'W'|'Z'|'-' in an arithmetic operand, and it has been converted to 0.
at 364 ns(98), Instance /robottest/uut/DataMem/ : Warning: CONV_INTEGER: There is an 'U'|'X'|'W'|'Z'|'-' in an arithmetic operand, and it has been converted to 0.
at 364 ns(101), Instance /robottest/uut/DataMem/ : Warning: CONV_INTEGER: There is an 'U'|'X'|'W'|'Z'|'-' in an arithmetic operand, and it has been converted to 0.
at 364 ns(104), Instance /robottest/uut/DataMem/ : Warning: CONV_INTEGER: There is an 'U'|'X'|'W'|'Z'|'-' in an arithmetic operand, and it has been converted to 0.
at 378 ns(10), Instance /robottest/uut/DataMem/ : Warning: CONV_INTEGER: There is an 'U'|'X'|'W'|'Z'|'-' in an arithmetic operand, and it has been converted to 0.
at 378 ns(20), Instance /robottest/uut/DataMem/ : Warning: CONV_INTEGER: There is an 'U'|'X'|'W'|'Z'|'-' in an arithmetic operand, and it has been converted to 0.
at 378 ns(23), Instance /robottest/uut/DataMem/ : Warning: CONV_INTEGER: There is an 'U'|'X'|'W'|'Z'|'-' in an arithmetic operand, and it has been converted to 0.
at 378 ns(26), Instance /robottest/uut/DataMem/ : Warning: CONV_INTEGER: There is an 'U'|'X'|'W'|'Z'|'-' in an arithmetic operand, and it has been converted to 0.
at 378 ns(29), Instance /robottest/uut/DataMem/ : Warning: CONV_INTEGER: There is an 'U'|'X'|'W'|'Z'|'-' in an arithmetic operand, and it has been converted to 0.
at 378 ns(32), Instance /robottest/uut/DataMem/ : Warning: CONV_INTEGER: There is an 'U'|'X'|'W'|'Z'|'-' in an arithmetic operand, and it has been converted to 0.
at 378 ns(35), Instance /robottest/uut/DataMem/ : Warning: CONV_INTEGER: There is an 'U'|'X'|'W'|'Z'|'-' in an arithmetic operand, and it has been converted to 0.
at 378 ns(38), Instance /robottest/uut/DataMem/ : Warning: CONV_INTEGER: There is an 'U'|'X'|'W'|'Z'|'-' in an arithmetic operand, and it has been converted to 0.
at 378 ns(41), Instance /robottest/uut/DataMem/ : Warning: CONV_INTEGER: There is an 'U'|'X'|'W'|'Z'|'-' in an arithmetic operand, and it has been converted to 0.
at 378 ns(44), Instance /robottest/uut/DataMem/ : Warning: CONV_INTEGER: There is an 'U'|'X'|'W'|'Z'|'-' in an arithmetic operand, and it has been converted to 0.
at 378 ns(47), Instance /robottest/uut/DataMem/ : Warning: CONV_INTEGER: There is an 'U'|'X'|'W'|'Z'|'-' in an arithmetic operand, and it has been converted to 0.
at 378 ns(50), Instance /robottest/uut/DataMem/ : Warning: CONV_INTEGER: There is an 'U'|'X'|'W'|'Z'|'-' in an arithmetic operand, and it has been converted to 0.
at 378 ns(53), Instance /robottest/uut/DataMem/ : Warning: CONV_INTEGER: There is an 'U'|'X'|'W'|'Z'|'-' in an arithmetic operand, and it has been converted to 0.
at 378 ns(56), Instance /robottest/uut/DataMem/ : Warning: CONV_INTEGER: There is an 'U'|'X'|'W'|'Z'|'-' in an arithmetic operand, and it has been converted to 0.
at 378 ns(59), Instance /robottest/uut/DataMem/ : Warning: CONV_INTEGER: There is an 'U'|'X'|'W'|'Z'|'-' in an arithmetic operand, and it has been converted to 0.
at 378 ns(62), Instance /robottest/uut/DataMem/ : Warning: CONV_INTEGER: There is an 'U'|'X'|'W'|'Z'|'-' in an arithmetic operand, and it has been converted to 0.
at 378 ns(65), Instance /robottest/uut/DataMem/ : Warning: CONV_INTEGER: There is an 'U'|'X'|'W'|'Z'|'-' in an arithmetic operand, and it has been converted to 0.
at 378 ns(68), Instance /robottest/uut/DataMem/ : Warning: CONV_INTEGER: There is an 'U'|'X'|'W'|'Z'|'-' in an arithmetic operand, and it has been converted to 0.
at 378 ns(71), Instance /robottest/uut/DataMem/ : Warning: CONV_INTEGER: There is an 'U'|'X'|'W'|'Z'|'-' in an arithmetic operand, and it has been converted to 0.
at 378 ns(74), Instance /robottest/uut/DataMem/ : Warning: CONV_INTEGER: There is an 'U'|'X'|'W'|'Z'|'-' in an arithmetic operand, and it has been converted to 0.
at 378 ns(77), Instance /robottest/uut/DataMem/ : Warning: CONV_INTEGER: There is an 'U'|'X'|'W'|'Z'|'-' in an arithmetic operand, and it has been converted to 0.
at 378 ns(80), Instance /robottest/uut/DataMem/ : Warning: CONV_INTEGER: There is an 'U'|'X'|'W'|'Z'|'-' in an arithmetic operand, and it has been converted to 0.
at 378 ns(83), Instance /robottest/uut/DataMem/ : Warning: CONV_INTEGER: There is an 'U'|'X'|'W'|'Z'|'-' in an arithmetic operand, and it has been converted to 0.
at 378 ns(86), Instance /robottest/uut/DataMem/ : Warning: CONV_INTEGER: There is an 'U'|'X'|'W'|'Z'|'-' in an arithmetic operand, and it has been converted to 0.
at 378 ns(89), Instance /robottest/uut/DataMem/ : Warning: CONV_INTEGER: There is an 'U'|'X'|'W'|'Z'|'-' in an arithmetic operand, and it has been converted to 0.
at 378 ns(92), Instance /robottest/uut/DataMem/ : Warning: CONV_INTEGER: There is an 'U'|'X'|'W'|'Z'|'-' in an arithmetic operand, and it has been converted to 0.
at 378 ns(95), Instance /robottest/uut/DataMem/ : Warning: CONV_INTEGER: There is an 'U'|'X'|'W'|'Z'|'-' in an arithmetic operand, and it has been converted to 0.
at 378 ns(98), Instance /robottest/uut/DataMem/ : Warning: CONV_INTEGER: There is an 'U'|'X'|'W'|'Z'|'-' in an arithmetic operand, and it has been converted to 0.
at 378 ns(101), Instance /robottest/uut/DataMem/ : Warning: CONV_INTEGER: There is an 'U'|'X'|'W'|'Z'|'-' in an arithmetic operand, and it has been converted to 0.
at 378 ns(104), Instance /robottest/uut/DataMem/ : Warning: CONV_INTEGER: There is an 'U'|'X'|'W'|'Z'|'-' in an arithmetic operand, and it has been converted to 0.
at 392 ns(10), Instance /robottest/uut/DataMem/ : Warning: CONV_INTEGER: There is an 'U'|'X'|'W'|'Z'|'-' in an arithmetic operand, and it has been converted to 0.
at 392 ns(20), Instance /robottest/uut/DataMem/ : Warning: CONV_INTEGER: There is an 'U'|'X'|'W'|'Z'|'-' in an arithmetic operand, and it has been converted to 0.
at 392 ns(23), Instance /robottest/uut/DataMem/ : Warning: CONV_INTEGER: There is an 'U'|'X'|'W'|'Z'|'-' in an arithmetic operand, and it has been converted to 0.
at 392 ns(26), Instance /robottest/uut/DataMem/ : Warning: CONV_INTEGER: There is an 'U'|'X'|'W'|'Z'|'-' in an arithmetic operand, and it has been converted to 0.
at 392 ns(29), Instance /robottest/uut/DataMem/ : Warning: CONV_INTEGER: There is an 'U'|'X'|'W'|'Z'|'-' in an arithmetic operand, and it has been converted to 0.
at 392 ns(32), Instance /robottest/uut/DataMem/ : Warning: CONV_INTEGER: There is an 'U'|'X'|'W'|'Z'|'-' in an arithmetic operand, and it has been converted to 0.
at 392 ns(35), Instance /robottest/uut/DataMem/ : Warning: CONV_INTEGER: There is an 'U'|'X'|'W'|'Z'|'-' in an arithmetic operand, and it has been converted to 0.
at 392 ns(38), Instance /robottest/uut/DataMem/ : Warning: CONV_INTEGER: There is an 'U'|'X'|'W'|'Z'|'-' in an arithmetic operand, and it has been converted to 0.
at 392 ns(41), Instance /robottest/uut/DataMem/ : Warning: CONV_INTEGER: There is an 'U'|'X'|'W'|'Z'|'-' in an arithmetic operand, and it has been converted to 0.
at 392 ns(44), Instance /robottest/uut/DataMem/ : Warning: CONV_INTEGER: There is an 'U'|'X'|'W'|'Z'|'-' in an arithmetic operand, and it has been converted to 0.
at 392 ns(47), Instance /robottest/uut/DataMem/ : Warning: CONV_INTEGER: There is an 'U'|'X'|'W'|'Z'|'-' in an arithmetic operand, and it has been converted to 0.
at 392 ns(50), Instance /robottest/uut/DataMem/ : Warning: CONV_INTEGER: There is an 'U'|'X'|'W'|'Z'|'-' in an arithmetic operand, and it has been converted to 0.
at 392 ns(53), Instance /robottest/uut/DataMem/ : Warning: CONV_INTEGER: There is an 'U'|'X'|'W'|'Z'|'-' in an arithmetic operand, and it has been converted to 0.
at 392 ns(56), Instance /robottest/uut/DataMem/ : Warning: CONV_INTEGER: There is an 'U'|'X'|'W'|'Z'|'-' in an arithmetic operand, and it has been converted to 0.
at 392 ns(59), Instance /robottest/uut/DataMem/ : Warning: CONV_INTEGER: There is an 'U'|'X'|'W'|'Z'|'-' in an arithmetic operand, and it has been converted to 0.
at 392 ns(62), Instance /robottest/uut/DataMem/ : Warning: CONV_INTEGER: There is an 'U'|'X'|'W'|'Z'|'-' in an arithmetic operand, and it has been converted to 0.
at 392 ns(65), Instance /robottest/uut/DataMem/ : Warning: CONV_INTEGER: There is an 'U'|'X'|'W'|'Z'|'-' in an arithmetic operand, and it has been converted to 0.
at 392 ns(68), Instance /robottest/uut/DataMem/ : Warning: CONV_INTEGER: There is an 'U'|'X'|'W'|'Z'|'-' in an arithmetic operand, and it has been converted to 0.
at 392 ns(71), Instance /robottest/uut/DataMem/ : Warning: CONV_INTEGER: There is an 'U'|'X'|'W'|'Z'|'-' in an arithmetic operand, and it has been converted to 0.
at 392 ns(74), Instance /robottest/uut/DataMem/ : Warning: CONV_INTEGER: There is an 'U'|'X'|'W'|'Z'|'-' in an arithmetic operand, and it has been converted to 0.
at 392 ns(77), Instance /robottest/uut/DataMem/ : Warning: CONV_INTEGER: There is an 'U'|'X'|'W'|'Z'|'-' in an arithmetic operand, and it has been converted to 0.
at 392 ns(80), Instance /robottest/uut/DataMem/ : Warning: CONV_INTEGER: There is an 'U'|'X'|'W'|'Z'|'-' in an arithmetic operand, and it has been converted to 0.
at 392 ns(83), Instance /robottest/uut/DataMem/ : Warning: CONV_INTEGER: There is an 'U'|'X'|'W'|'Z'|'-' in an arithmetic operand, and it has been converted to 0.
at 392 ns(86), Instance /robottest/uut/DataMem/ : Warning: CONV_INTEGER: There is an 'U'|'X'|'W'|'Z'|'-' in an arithmetic operand, and it has been converted to 0.
at 392 ns(89), Instance /robottest/uut/DataMem/ : Warning: CONV_INTEGER: There is an 'U'|'X'|'W'|'Z'|'-' in an arithmetic operand, and it has been converted to 0.
at 392 ns(92), Instance /robottest/uut/DataMem/ : Warning: CONV_INTEGER: There is an 'U'|'X'|'W'|'Z'|'-' in an arithmetic operand, and it has been converted to 0.
at 392 ns(95), Instance /robottest/uut/DataMem/ : Warning: CONV_INTEGER: There is an 'U'|'X'|'W'|'Z'|'-' in an arithmetic operand, and it has been converted to 0.
at 392 ns(98), Instance /robottest/uut/DataMem/ : Warning: CONV_INTEGER: There is an 'U'|'X'|'W'|'Z'|'-' in an arithmetic operand, and it has been converted to 0.
at 392 ns(101), Instance /robottest/uut/DataMem/ : Warning: CONV_INTEGER: There is an 'U'|'X'|'W'|'Z'|'-' in an arithmetic operand, and it has been converted to 0.
at 392 ns(104), Instance /robottest/uut/DataMem/ : Warning: CONV_INTEGER: There is an 'U'|'X'|'W'|'Z'|'-' in an arithmetic operand, and it has been converted to 0.
at 406 ns(10), Instance /robottest/uut/DataMem/ : Warning: CONV_INTEGER: There is an 'U'|'X'|'W'|'Z'|'-' in an arithmetic operand, and it has been converted to 0.
at 406 ns(20), Instance /robottest/uut/DataMem/ : Warning: CONV_INTEGER: There is an 'U'|'X'|'W'|'Z'|'-' in an arithmetic operand, and it has been converted to 0.
at 406 ns(23), Instance /robottest/uut/DataMem/ : Warning: CONV_INTEGER: There is an 'U'|'X'|'W'|'Z'|'-' in an arithmetic operand, and it has been converted to 0.
at 406 ns(26), Instance /robottest/uut/DataMem/ : Warning: CONV_INTEGER: There is an 'U'|'X'|'W'|'Z'|'-' in an arithmetic operand, and it has been converted to 0.
at 406 ns(29), Instance /robottest/uut/DataMem/ : Warning: CONV_INTEGER: There is an 'U'|'X'|'W'|'Z'|'-' in an arithmetic operand, and it has been converted to 0.
at 406 ns(32), Instance /robottest/uut/DataMem/ : Warning: CONV_INTEGER: There is an 'U'|'X'|'W'|'Z'|'-' in an arithmetic operand, and it has been converted to 0.
at 406 ns(35), Instance /robottest/uut/DataMem/ : Warning: CONV_INTEGER: There is an 'U'|'X'|'W'|'Z'|'-' in an arithmetic operand, and it has been converted to 0.
at 406 ns(38), Instance /robottest/uut/DataMem/ : Warning: CONV_INTEGER: There is an 'U'|'X'|'W'|'Z'|'-' in an arithmetic operand, and it has been converted to 0.
at 406 ns(41), Instance /robottest/uut/DataMem/ : Warning: CONV_INTEGER: There is an 'U'|'X'|'W'|'Z'|'-' in an arithmetic operand, and it has been converted to 0.
at 406 ns(44), Instance /robottest/uut/DataMem/ : Warning: CONV_INTEGER: There is an 'U'|'X'|'W'|'Z'|'-' in an arithmetic operand, and it has been converted to 0.
at 406 ns(47), Instance /robottest/uut/DataMem/ : Warning: CONV_INTEGER: There is an 'U'|'X'|'W'|'Z'|'-' in an arithmetic operand, and it has been converted to 0.
at 406 ns(50), Instance /robottest/uut/DataMem/ : Warning: CONV_INTEGER: There is an 'U'|'X'|'W'|'Z'|'-' in an arithmetic operand, and it has been converted to 0.
at 406 ns(53), Instance /robottest/uut/DataMem/ : Warning: CONV_INTEGER: There is an 'U'|'X'|'W'|'Z'|'-' in an arithmetic operand, and it has been converted to 0.
at 406 ns(56), Instance /robottest/uut/DataMem/ : Warning: CONV_INTEGER: There is an 'U'|'X'|'W'|'Z'|'-' in an arithmetic operand, and it has been converted to 0.
at 406 ns(59), Instance /robottest/uut/DataMem/ : Warning: CONV_INTEGER: There is an 'U'|'X'|'W'|'Z'|'-' in an arithmetic operand, and it has been converted to 0.
at 406 ns(62), Instance /robottest/uut/DataMem/ : Warning: CONV_INTEGER: There is an 'U'|'X'|'W'|'Z'|'-' in an arithmetic operand, and it has been converted to 0.
at 406 ns(65), Instance /robottest/uut/DataMem/ : Warning: CONV_INTEGER: There is an 'U'|'X'|'W'|'Z'|'-' in an arithmetic operand, and it has been converted to 0.
at 406 ns(68), Instance /robottest/uut/DataMem/ : Warning: CONV_INTEGER: There is an 'U'|'X'|'W'|'Z'|'-' in an arithmetic operand, and it has been converted to 0.
at 406 ns(71), Instance /robottest/uut/DataMem/ : Warning: CONV_INTEGER: There is an 'U'|'X'|'W'|'Z'|'-' in an arithmetic operand, and it has been converted to 0.
at 406 ns(74), Instance /robottest/uut/DataMem/ : Warning: CONV_INTEGER: There is an 'U'|'X'|'W'|'Z'|'-' in an arithmetic operand, and it has been converted to 0.
at 406 ns(77), Instance /robottest/uut/DataMem/ : Warning: CONV_INTEGER: There is an 'U'|'X'|'W'|'Z'|'-' in an arithmetic operand, and it has been converted to 0.
at 406 ns(80), Instance /robottest/uut/DataMem/ : Warning: CONV_INTEGER: There is an 'U'|'X'|'W'|'Z'|'-' in an arithmetic operand, and it has been converted to 0.
at 406 ns(83), Instance /robottest/uut/DataMem/ : Warning: CONV_INTEGER: There is an 'U'|'X'|'W'|'Z'|'-' in an arithmetic operand, and it has been converted to 0.
at 406 ns(86), Instance /robottest/uut/DataMem/ : Warning: CONV_INTEGER: There is an 'U'|'X'|'W'|'Z'|'-' in an arithmetic operand, and it has been converted to 0.
at 406 ns(89), Instance /robottest/uut/DataMem/ : Warning: CONV_INTEGER: There is an 'U'|'X'|'W'|'Z'|'-' in an arithmetic operand, and it has been converted to 0.
at 406 ns(92), Instance /robottest/uut/DataMem/ : Warning: CONV_INTEGER: There is an 'U'|'X'|'W'|'Z'|'-' in an arithmetic operand, and it has been converted to 0.
at 406 ns(95), Instance /robottest/uut/DataMem/ : Warning: CONV_INTEGER: There is an 'U'|'X'|'W'|'Z'|'-' in an arithmetic operand, and it has been converted to 0.
at 406 ns(98), Instance /robottest/uut/DataMem/ : Warning: CONV_INTEGER: There is an 'U'|'X'|'W'|'Z'|'-' in an arithmetic operand, and it has been converted to 0.
at 406 ns(101), Instance /robottest/uut/DataMem/ : Warning: CONV_INTEGER: There is an 'U'|'X'|'W'|'Z'|'-' in an arithmetic operand, and it has been converted to 0.
at 406 ns(104), Instance /robottest/uut/DataMem/ : Warning: CONV_INTEGER: There is an 'U'|'X'|'W'|'Z'|'-' in an arithmetic operand, and it has been converted to 0.
at 420 ns(10), Instance /robottest/uut/DataMem/ : Warning: CONV_INTEGER: There is an 'U'|'X'|'W'|'Z'|'-' in an arithmetic operand, and it has been converted to 0.
at 420 ns(20), Instance /robottest/uut/DataMem/ : Warning: CONV_INTEGER: There is an 'U'|'X'|'W'|'Z'|'-' in an arithmetic operand, and it has been converted to 0.
at 420 ns(23), Instance /robottest/uut/DataMem/ : Warning: CONV_INTEGER: There is an 'U'|'X'|'W'|'Z'|'-' in an arithmetic operand, and it has been converted to 0.
at 420 ns(26), Instance /robottest/uut/DataMem/ : Warning: CONV_INTEGER: There is an 'U'|'X'|'W'|'Z'|'-' in an arithmetic operand, and it has been converted to 0.
at 420 ns(29), Instance /robottest/uut/DataMem/ : Warning: CONV_INTEGER: There is an 'U'|'X'|'W'|'Z'|'-' in an arithmetic operand, and it has been converted to 0.
at 420 ns(32), Instance /robottest/uut/DataMem/ : Warning: CONV_INTEGER: There is an 'U'|'X'|'W'|'Z'|'-' in an arithmetic operand, and it has been converted to 0.
at 420 ns(35), Instance /robottest/uut/DataMem/ : Warning: CONV_INTEGER: There is an 'U'|'X'|'W'|'Z'|'-' in an arithmetic operand, and it has been converted to 0.
at 420 ns(38), Instance /robottest/uut/DataMem/ : Warning: CONV_INTEGER: There is an 'U'|'X'|'W'|'Z'|'-' in an arithmetic operand, and it has been converted to 0.
at 420 ns(41), Instance /robottest/uut/DataMem/ : Warning: CONV_INTEGER: There is an 'U'|'X'|'W'|'Z'|'-' in an arithmetic operand, and it has been converted to 0.
at 420 ns(44), Instance /robottest/uut/DataMem/ : Warning: CONV_INTEGER: There is an 'U'|'X'|'W'|'Z'|'-' in an arithmetic operand, and it has been converted to 0.
at 420 ns(47), Instance /robottest/uut/DataMem/ : Warning: CONV_INTEGER: There is an 'U'|'X'|'W'|'Z'|'-' in an arithmetic operand, and it has been converted to 0.
at 420 ns(50), Instance /robottest/uut/DataMem/ : Warning: CONV_INTEGER: There is an 'U'|'X'|'W'|'Z'|'-' in an arithmetic operand, and it has been converted to 0.
at 420 ns(53), Instance /robottest/uut/DataMem/ : Warning: CONV_INTEGER: There is an 'U'|'X'|'W'|'Z'|'-' in an arithmetic operand, and it has been converted to 0.
at 420 ns(56), Instance /robottest/uut/DataMem/ : Warning: CONV_INTEGER: There is an 'U'|'X'|'W'|'Z'|'-' in an arithmetic operand, and it has been converted to 0.
at 420 ns(59), Instance /robottest/uut/DataMem/ : Warning: CONV_INTEGER: There is an 'U'|'X'|'W'|'Z'|'-' in an arithmetic operand, and it has been converted to 0.
at 420 ns(62), Instance /robottest/uut/DataMem/ : Warning: CONV_INTEGER: There is an 'U'|'X'|'W'|'Z'|'-' in an arithmetic operand, and it has been converted to 0.
at 420 ns(65), Instance /robottest/uut/DataMem/ : Warning: CONV_INTEGER: There is an 'U'|'X'|'W'|'Z'|'-' in an arithmetic operand, and it has been converted to 0.
at 420 ns(68), Instance /robottest/uut/DataMem/ : Warning: CONV_INTEGER: There is an 'U'|'X'|'W'|'Z'|'-' in an arithmetic operand, and it has been converted to 0.
at 420 ns(71), Instance /robottest/uut/DataMem/ : Warning: CONV_INTEGER: There is an 'U'|'X'|'W'|'Z'|'-' in an arithmetic operand, and it has been converted to 0.
at 420 ns(74), Instance /robottest/uut/DataMem/ : Warning: CONV_INTEGER: There is an 'U'|'X'|'W'|'Z'|'-' in an arithmetic operand, and it has been converted to 0.
at 420 ns(77), Instance /robottest/uut/DataMem/ : Warning: CONV_INTEGER: There is an 'U'|'X'|'W'|'Z'|'-' in an arithmetic operand, and it has been converted to 0.
at 420 ns(80), Instance /robottest/uut/DataMem/ : Warning: CONV_INTEGER: There is an 'U'|'X'|'W'|'Z'|'-' in an arithmetic operand, and it has been converted to 0.
at 420 ns(83), Instance /robottest/uut/DataMem/ : Warning: CONV_INTEGER: There is an 'U'|'X'|'W'|'Z'|'-' in an arithmetic operand, and it has been converted to 0.
at 420 ns(86), Instance /robottest/uut/DataMem/ : Warning: CONV_INTEGER: There is an 'U'|'X'|'W'|'Z'|'-' in an arithmetic operand, and it has been converted to 0.
at 420 ns(89), Instance /robottest/uut/DataMem/ : Warning: CONV_INTEGER: There is an 'U'|'X'|'W'|'Z'|'-' in an arithmetic operand, and it has been converted to 0.
at 420 ns(92), Instance /robottest/uut/DataMem/ : Warning: CONV_INTEGER: There is an 'U'|'X'|'W'|'Z'|'-' in an arithmetic operand, and it has been converted to 0.
at 420 ns(95), Instance /robottest/uut/DataMem/ : Warning: CONV_INTEGER: There is an 'U'|'X'|'W'|'Z'|'-' in an arithmetic operand, and it has been converted to 0.
at 420 ns(98), Instance /robottest/uut/DataMem/ : Warning: CONV_INTEGER: There is an 'U'|'X'|'W'|'Z'|'-' in an arithmetic operand, and it has been converted to 0.
at 420 ns(101), Instance /robottest/uut/DataMem/ : Warning: CONV_INTEGER: There is an 'U'|'X'|'W'|'Z'|'-' in an arithmetic operand, and it has been converted to 0.
at 420 ns(104), Instance /robottest/uut/DataMem/ : Warning: CONV_INTEGER: There is an 'U'|'X'|'W'|'Z'|'-' in an arithmetic operand, and it has been converted to 0.
